CRITICAL - 2024-11-29 13:36:13 --> Trying to access array offset on value of type null
#0 /var/www/html/invoice-generation/app/Views/invoice/invoice_pdf.php(7): CodeIgniter\Debug\Exceptions->errorHandler()
#1 /var/www/html/invoice-generation/system/View/View.php(230): include('...')
#2 /var/www/html/invoice-generation/system/View/View.php(232): CodeIgniter\View\View->CodeIgniter\View\{closure}()
#3 /var/www/html/invoice-generation/system/Common.php(1271): CodeIgniter\View\View->render()
#4 /var/www/html/invoice-generation/app/Controllers/Invoices.php(351): view()
#5 /var/www/html/invoice-generation/system/CodeIgniter.php(928): App\Controllers\Invoices->fGenearteInvoicePdf()
#6 /var/www/html/invoice-generation/system/CodeIgniter.php(436): CodeIgniter\CodeIgniter->runController()
#7 /var/www/html/invoice-generation/system/CodeIgniter.php(336): CodeIgniter\CodeIgniter->handleRequest()
#8 /var/www/html/invoice-generation/index.php(37): CodeIgniter\CodeIgniter->run()
#9 {main}
CRITICAL - 2024-11-29 13:36:35 --> Trying to access array offset on value of type null
#0 /var/www/html/invoice-generation/app/Controllers/Invoices.php(73): CodeIgniter\Debug\Exceptions->errorHandler()
#1 /var/www/html/invoice-generation/system/CodeIgniter.php(928): App\Controllers\Invoices->FupdateInvoice()
#2 /var/www/html/invoice-generation/system/CodeIgniter.php(436): CodeIgniter\CodeIgniter->runController()
#3 /var/www/html/invoice-generation/system/CodeIgniter.php(336): CodeIgniter\CodeIgniter->handleRequest()
#4 /var/www/html/invoice-generation/index.php(37): CodeIgniter\CodeIgniter->run()
#5 {main}
CRITICAL - 2024-11-29 13:37:10 --> Trying to access array offset on value of type null
#0 /var/www/html/invoice-generation/app/Controllers/Invoices.php(73): CodeIgniter\Debug\Exceptions->errorHandler()
#1 /var/www/html/invoice-generation/system/CodeIgniter.php(928): App\Controllers\Invoices->FupdateInvoice()
#2 /var/www/html/invoice-generation/system/CodeIgniter.php(436): CodeIgniter\CodeIgniter->runController()
#3 /var/www/html/invoice-generation/system/CodeIgniter.php(336): CodeIgniter\CodeIgniter->handleRequest()
#4 /var/www/html/invoice-generation/index.php(37): CodeIgniter\CodeIgniter->run()
#5 {main}
CRITICAL - 2024-11-29 13:39:10 --> Undefined array key 0
#0 /var/www/html/invoice-generation/app/Controllers/Invoices.php(64): CodeIgniter\Debug\Exceptions->errorHandler()
#1 /var/www/html/invoice-generation/system/CodeIgniter.php(928): App\Controllers\Invoices->FupdateInvoice()
#2 /var/www/html/invoice-generation/system/CodeIgniter.php(436): CodeIgniter\CodeIgniter->runController()
#3 /var/www/html/invoice-generation/system/CodeIgniter.php(336): CodeIgniter\CodeIgniter->handleRequest()
#4 /var/www/html/invoice-generation/index.php(37): CodeIgniter\CodeIgniter->run()
#5 {main}
CRITICAL - 2024-11-29 15:19:20 --> Undefined variable $iInvoiceId
#0 /var/www/html/invoice-generation/app/Controllers/Invoices.php(260): CodeIgniter\Debug\Exceptions->errorHandler()
#1 /var/www/html/invoice-generation/system/CodeIgniter.php(928): App\Controllers\Invoices->fSaveInvoice()
#2 /var/www/html/invoice-generation/system/CodeIgniter.php(436): CodeIgniter\CodeIgniter->runController()
#3 /var/www/html/invoice-generation/system/CodeIgniter.php(336): CodeIgniter\CodeIgniter->handleRequest()
#4 /var/www/html/invoice-generation/index.php(37): CodeIgniter\CodeIgniter->run()
#5 {main}
CRITICAL - 2024-11-29 15:24:55 --> Undefined variable $invoice_sender_id
#0 /var/www/html/invoice-generation/app/Views/invoice/update_invoice.php(386): CodeIgniter\Debug\Exceptions->errorHandler()
#1 /var/www/html/invoice-generation/system/View/View.php(230): include('...')
#2 /var/www/html/invoice-generation/system/View/View.php(232): CodeIgniter\View\View->CodeIgniter\View\{closure}()
#3 /var/www/html/invoice-generation/system/Common.php(1271): CodeIgniter\View\View->render()
#4 /var/www/html/invoice-generation/app/Controllers/Invoices.php(84): view()
#5 /var/www/html/invoice-generation/system/CodeIgniter.php(928): App\Controllers\Invoices->FupdateInvoice()
#6 /var/www/html/invoice-generation/system/CodeIgniter.php(436): CodeIgniter\CodeIgniter->runController()
#7 /var/www/html/invoice-generation/system/CodeIgniter.php(336): CodeIgniter\CodeIgniter->handleRequest()
#8 /var/www/html/invoice-generation/index.php(37): CodeIgniter\CodeIgniter->run()
#9 {main}
