CRITICAL - 2024-12-05 15:48:17 --> Undefined variable $totalTime
#0 /home/u932829434/domains/zeplinix.in/public_html/sahilcargo/system/Debug/Toolbar/Views/toolbar.tpl.php(41): CodeIgniter\Debug\Exceptions->errorHandler()
#1 /home/u932829434/domains/zeplinix.in/public_html/sahilcargo/system/Debug/Toolbar.php(495): include('/home/u93282943...')
#2 /home/u932829434/domains/zeplinix.in/public_html/sahilcargo/system/Debug/Toolbar.php(452): CodeIgniter\Debug\Toolbar->format()
#3 /home/u932829434/domains/zeplinix.in/public_html/sahilcargo/app/Config/Events.php(52): CodeIgniter\Debug\Toolbar->respond()
#4 [internal function]: CodeIgniter\Events\Events::Config\{closure}()
#5 /home/u932829434/domains/zeplinix.in/public_html/sahilcargo/system/Events/Events.php(166): call_user_func()
#6 /home/u932829434/domains/zeplinix.in/public_html/sahilcargo/system/CodeIgniter.php(316): CodeIgniter\Events\Events::trigger()
#7 /home/u932829434/domains/zeplinix.in/public_html/sahilcargo/index.php(37): CodeIgniter\CodeIgniter->run()
#8 {main}
CRITICAL - 2024-12-05 16:24:38 --> syntax error, unexpected token "?"
#0 /home/u932829434/domains/zeplinix.in/public_html/sahilcargo/system/View/View.php(232): CodeIgniter\View\View->CodeIgniter\View\{closure}()
#1 /home/u932829434/domains/zeplinix.in/public_html/sahilcargo/system/Common.php(1271): CodeIgniter\View\View->render()
#2 /home/u932829434/domains/zeplinix.in/public_html/sahilcargo/app/Views/invoice/sahil_cargo_summary.php(85): view()
#3 /home/u932829434/domains/zeplinix.in/public_html/sahilcargo/system/View/View.php(230): include('/home/u93282943...')
#4 /home/u932829434/domains/zeplinix.in/public_html/sahilcargo/system/View/View.php(232): CodeIgniter\View\View->CodeIgniter\View\{closure}()
#5 /home/u932829434/domains/zeplinix.in/public_html/sahilcargo/system/Common.php(1271): CodeIgniter\View\View->render()
#6 /home/u932829434/domains/zeplinix.in/public_html/sahilcargo/app/Controllers/Invoices.php(343): view()
#7 /home/u932829434/domains/zeplinix.in/public_html/sahilcargo/system/CodeIgniter.php(928): App\Controllers\Invoices->fShareInvoice()
#8 /home/u932829434/domains/zeplinix.in/public_html/sahilcargo/system/CodeIgniter.php(436): CodeIgniter\CodeIgniter->runController()
#9 /home/u932829434/domains/zeplinix.in/public_html/sahilcargo/system/CodeIgniter.php(336): CodeIgniter\CodeIgniter->handleRequest()
#10 /home/u932829434/domains/zeplinix.in/public_html/sahilcargo/index.php(37): CodeIgniter\CodeIgniter->run()
#11 {main}
CRITICAL - 2024-12-05 16:24:58 --> syntax error, unexpected token ";"
#0 /home/u932829434/domains/zeplinix.in/public_html/sahilcargo/system/View/View.php(232): CodeIgniter\View\View->CodeIgniter\View\{closure}()
#1 /home/u932829434/domains/zeplinix.in/public_html/sahilcargo/system/Common.php(1271): CodeIgniter\View\View->render()
#2 /home/u932829434/domains/zeplinix.in/public_html/sahilcargo/app/Views/invoice/sahil_cargo_summary.php(85): view()
#3 /home/u932829434/domains/zeplinix.in/public_html/sahilcargo/system/View/View.php(230): include('/home/u93282943...')
#4 /home/u932829434/domains/zeplinix.in/public_html/sahilcargo/system/View/View.php(232): CodeIgniter\View\View->CodeIgniter\View\{closure}()
#5 /home/u932829434/domains/zeplinix.in/public_html/sahilcargo/system/Common.php(1271): CodeIgniter\View\View->render()
#6 /home/u932829434/domains/zeplinix.in/public_html/sahilcargo/app/Controllers/Invoices.php(343): view()
#7 /home/u932829434/domains/zeplinix.in/public_html/sahilcargo/system/CodeIgniter.php(928): App\Controllers\Invoices->fShareInvoice()
#8 /home/u932829434/domains/zeplinix.in/public_html/sahilcargo/system/CodeIgniter.php(436): CodeIgniter\CodeIgniter->runController()
#9 /home/u932829434/domains/zeplinix.in/public_html/sahilcargo/system/CodeIgniter.php(336): CodeIgniter\CodeIgniter->handleRequest()
#10 /home/u932829434/domains/zeplinix.in/public_html/sahilcargo/index.php(37): CodeIgniter\CodeIgniter->run()
#11 {main}
