CRITICAL - 2024-12-04 12:04:27 --> Undefined array key "hsn_no"
#0 /var/www/html/invoice-generation/sahilCargo/app/Views/invoice/update_invoice.php(228): CodeIgniter\Debug\Exceptions->errorHandler()
#1 /var/www/html/invoice-generation/sahilCargo/system/View/View.php(230): include('...')
#2 /var/www/html/invoice-generation/sahilCargo/system/View/View.php(232): CodeIgniter\View\View->CodeIgniter\View\{closure}()
#3 /var/www/html/invoice-generation/sahilCargo/system/Common.php(1271): CodeIgniter\View\View->render()
#4 /var/www/html/invoice-generation/sahilCargo/app/Controllers/Invoices.php(93): view()
#5 /var/www/html/invoice-generation/sahilCargo/system/CodeIgniter.php(928): App\Controllers\Invoices->FupdateInvoice()
#6 /var/www/html/invoice-generation/sahilCargo/system/CodeIgniter.php(436): CodeIgniter\CodeIgniter->runController()
#7 /var/www/html/invoice-generation/sahilCargo/system/CodeIgniter.php(336): CodeIgniter\CodeIgniter->handleRequest()
#8 /var/www/html/invoice-generation/sahilCargo/index.php(37): CodeIgniter\CodeIgniter->run()
#9 {main}
CRITICAL - 2024-12-04 13:12:38 --> Undefined variable $request
#0 /var/www/html/invoice-generation/sahilCargo/app/Controllers/Invoices.php(580): CodeIgniter\Debug\Exceptions->errorHandler()
#1 /var/www/html/invoice-generation/sahilCargo/system/CodeIgniter.php(928): App\Controllers\Invoices->fGetProductList()
#2 /var/www/html/invoice-generation/sahilCargo/system/CodeIgniter.php(436): CodeIgniter\CodeIgniter->runController()
#3 /var/www/html/invoice-generation/sahilCargo/system/CodeIgniter.php(336): CodeIgniter\CodeIgniter->handleRequest()
#4 /var/www/html/invoice-generation/sahilCargo/index.php(37): CodeIgniter\CodeIgniter->run()
#5 {main}
CRITICAL - 2024-12-04 13:12:38 --> Undefined variable $request
#0 /var/www/html/invoice-generation/sahilCargo/app/Controllers/Invoices.php(580): CodeIgniter\Debug\Exceptions->errorHandler()
#1 /var/www/html/invoice-generation/sahilCargo/system/CodeIgniter.php(928): App\Controllers\Invoices->fGetProductList()
#2 /var/www/html/invoice-generation/sahilCargo/system/CodeIgniter.php(436): CodeIgniter\CodeIgniter->runController()
#3 /var/www/html/invoice-generation/sahilCargo/system/CodeIgniter.php(336): CodeIgniter\CodeIgniter->handleRequest()
#4 /var/www/html/invoice-generation/sahilCargo/index.php(37): CodeIgniter\CodeIgniter->run()
#5 {main}
CRITICAL - 2024-12-04 13:12:38 --> Undefined variable $request
#0 /var/www/html/invoice-generation/sahilCargo/app/Controllers/Invoices.php(580): CodeIgniter\Debug\Exceptions->errorHandler()
#1 /var/www/html/invoice-generation/sahilCargo/system/CodeIgniter.php(928): App\Controllers\Invoices->fGetProductList()
#2 /var/www/html/invoice-generation/sahilCargo/system/CodeIgniter.php(436): CodeIgniter\CodeIgniter->runController()
#3 /var/www/html/invoice-generation/sahilCargo/system/CodeIgniter.php(336): CodeIgniter\CodeIgniter->handleRequest()
#4 /var/www/html/invoice-generation/sahilCargo/index.php(37): CodeIgniter\CodeIgniter->run()
#5 {main}
CRITICAL - 2024-12-04 15:01:44 --> Undefined variable $aProduct
#0 /var/www/html/invoice-generation/sahilCargo/app/Views/invoice/sahil_cargo_table.php(22): CodeIgniter\Debug\Exceptions->errorHandler()
#1 /var/www/html/invoice-generation/sahilCargo/system/View/View.php(230): include('...')
#2 /var/www/html/invoice-generation/sahilCargo/system/View/View.php(232): CodeIgniter\View\View->CodeIgniter\View\{closure}()
#3 /var/www/html/invoice-generation/sahilCargo/system/Common.php(1271): CodeIgniter\View\View->render()
#4 /var/www/html/invoice-generation/sahilCargo/app/Views/quotations/new_quotation.php(291): view()
#5 /var/www/html/invoice-generation/sahilCargo/system/View/View.php(230): include('...')
#6 /var/www/html/invoice-generation/sahilCargo/system/View/View.php(232): CodeIgniter\View\View->CodeIgniter\View\{closure}()
#7 /var/www/html/invoice-generation/sahilCargo/system/Common.php(1271): CodeIgniter\View\View->render()
#8 /var/www/html/invoice-generation/sahilCargo/app/Controllers/Quotations.php(56): view()
#9 /var/www/html/invoice-generation/sahilCargo/system/CodeIgniter.php(928): App\Controllers\Quotations->fCreateNewQuotations()
#10 /var/www/html/invoice-generation/sahilCargo/system/CodeIgniter.php(436): CodeIgniter\CodeIgniter->runController()
#11 /var/www/html/invoice-generation/sahilCargo/system/CodeIgniter.php(336): CodeIgniter\CodeIgniter->handleRequest()
#12 /var/www/html/invoice-generation/sahilCargo/index.php(37): CodeIgniter\CodeIgniter->run()
#13 {main}
CRITICAL - 2024-12-04 15:02:50 --> Undefined variable $aProduct
#0 /var/www/html/invoice-generation/sahilCargo/app/Views/quotations/new_quotation.php(784): CodeIgniter\Debug\Exceptions->errorHandler()
#1 /var/www/html/invoice-generation/sahilCargo/system/View/View.php(230): include('...')
#2 /var/www/html/invoice-generation/sahilCargo/system/View/View.php(232): CodeIgniter\View\View->CodeIgniter\View\{closure}()
#3 /var/www/html/invoice-generation/sahilCargo/system/Common.php(1271): CodeIgniter\View\View->render()
#4 /var/www/html/invoice-generation/sahilCargo/app/Controllers/Quotations.php(56): view()
#5 /var/www/html/invoice-generation/sahilCargo/system/CodeIgniter.php(928): App\Controllers\Quotations->fCreateNewQuotations()
#6 /var/www/html/invoice-generation/sahilCargo/system/CodeIgniter.php(436): CodeIgniter\CodeIgniter->runController()
#7 /var/www/html/invoice-generation/sahilCargo/system/CodeIgniter.php(336): CodeIgniter\CodeIgniter->handleRequest()
#8 /var/www/html/invoice-generation/sahilCargo/index.php(37): CodeIgniter\CodeIgniter->run()
#9 {main}
CRITICAL - 2024-12-04 15:03:56 --> Invalid file: quotation/add_client.php
#0 /var/www/html/invoice-generation/sahilCargo/system/View/View.php(213): CodeIgniter\Exceptions\FrameworkException::forInvalidFile()
#1 /var/www/html/invoice-generation/sahilCargo/system/Common.php(1271): CodeIgniter\View\View->render()
#2 /var/www/html/invoice-generation/sahilCargo/app/Views/quotations/new_quotation.php(316): view()
#3 /var/www/html/invoice-generation/sahilCargo/system/View/View.php(230): include('...')
#4 /var/www/html/invoice-generation/sahilCargo/system/View/View.php(232): CodeIgniter\View\View->CodeIgniter\View\{closure}()
#5 /var/www/html/invoice-generation/sahilCargo/system/Common.php(1271): CodeIgniter\View\View->render()
#6 /var/www/html/invoice-generation/sahilCargo/app/Controllers/Quotations.php(56): view()
#7 /var/www/html/invoice-generation/sahilCargo/system/CodeIgniter.php(928): App\Controllers\Quotations->fCreateNewQuotations()
#8 /var/www/html/invoice-generation/sahilCargo/system/CodeIgniter.php(436): CodeIgniter\CodeIgniter->runController()
#9 /var/www/html/invoice-generation/sahilCargo/system/CodeIgniter.php(336): CodeIgniter\CodeIgniter->handleRequest()
#10 /var/www/html/invoice-generation/sahilCargo/index.php(37): CodeIgniter\CodeIgniter->run()
#11 {main}
CRITICAL - 2024-12-04 15:04:37 --> Undefined variable $aProduct
#0 /var/www/html/invoice-generation/sahilCargo/app/Views/quotations/new_quotation.php(784): CodeIgniter\Debug\Exceptions->errorHandler()
#1 /var/www/html/invoice-generation/sahilCargo/system/View/View.php(230): include('...')
#2 /var/www/html/invoice-generation/sahilCargo/system/View/View.php(232): CodeIgniter\View\View->CodeIgniter\View\{closure}()
#3 /var/www/html/invoice-generation/sahilCargo/system/Common.php(1271): CodeIgniter\View\View->render()
#4 /var/www/html/invoice-generation/sahilCargo/app/Controllers/Quotations.php(56): view()
#5 /var/www/html/invoice-generation/sahilCargo/system/CodeIgniter.php(928): App\Controllers\Quotations->fCreateNewQuotations()
#6 /var/www/html/invoice-generation/sahilCargo/system/CodeIgniter.php(436): CodeIgniter\CodeIgniter->runController()
#7 /var/www/html/invoice-generation/sahilCargo/system/CodeIgniter.php(336): CodeIgniter\CodeIgniter->handleRequest()
#8 /var/www/html/invoice-generation/sahilCargo/index.php(37): CodeIgniter\CodeIgniter->run()
#9 {main}
CRITICAL - 2024-12-04 15:16:25 --> Undefined variable $aProductPackingVehicle
#0 /var/www/html/invoice-generation/sahilCargo/app/Views/quotations/new_quotation.php(788): CodeIgniter\Debug\Exceptions->errorHandler()
#1 /var/www/html/invoice-generation/sahilCargo/system/View/View.php(230): include('...')
#2 /var/www/html/invoice-generation/sahilCargo/system/View/View.php(232): CodeIgniter\View\View->CodeIgniter\View\{closure}()
#3 /var/www/html/invoice-generation/sahilCargo/system/Common.php(1271): CodeIgniter\View\View->render()
#4 /var/www/html/invoice-generation/sahilCargo/app/Controllers/Quotations.php(56): view()
#5 /var/www/html/invoice-generation/sahilCargo/system/CodeIgniter.php(928): App\Controllers\Quotations->fCreateNewQuotations()
#6 /var/www/html/invoice-generation/sahilCargo/system/CodeIgniter.php(436): CodeIgniter\CodeIgniter->runController()
#7 /var/www/html/invoice-generation/sahilCargo/system/CodeIgniter.php(336): CodeIgniter\CodeIgniter->handleRequest()
#8 /var/www/html/invoice-generation/sahilCargo/index.php(37): CodeIgniter\CodeIgniter->run()
#9 {main}
CRITICAL - 2024-12-04 15:21:41 --> Invalid file: quotations/sahil_cargo_invoice_pdf.php
#0 /var/www/html/invoice-generation/sahilCargo/system/View/View.php(213): CodeIgniter\Exceptions\FrameworkException::forInvalidFile()
#1 /var/www/html/invoice-generation/sahilCargo/system/Common.php(1271): CodeIgniter\View\View->render()
#2 /var/www/html/invoice-generation/sahilCargo/app/Views/quotations/sahil_cargo_summary.php(85): view()
#3 /var/www/html/invoice-generation/sahilCargo/system/View/View.php(230): include('...')
#4 /var/www/html/invoice-generation/sahilCargo/system/View/View.php(232): CodeIgniter\View\View->CodeIgniter\View\{closure}()
#5 /var/www/html/invoice-generation/sahilCargo/system/Common.php(1271): CodeIgniter\View\View->render()
#6 /var/www/html/invoice-generation/sahilCargo/app/Controllers/Quotations.php(335): view()
#7 /var/www/html/invoice-generation/sahilCargo/system/CodeIgniter.php(928): App\Controllers\Quotations->fShareQuotations()
#8 /var/www/html/invoice-generation/sahilCargo/system/CodeIgniter.php(436): CodeIgniter\CodeIgniter->runController()
#9 /var/www/html/invoice-generation/sahilCargo/system/CodeIgniter.php(336): CodeIgniter\CodeIgniter->handleRequest()
#10 /var/www/html/invoice-generation/sahilCargo/index.php(37): CodeIgniter\CodeIgniter->run()
#11 {main}
CRITICAL - 2024-12-04 15:40:51 --> Invalid file: purchase_order/new_invoice.php
#0 /var/www/html/invoice-generation/sahilCargo/system/View/View.php(213): CodeIgniter\Exceptions\FrameworkException::forInvalidFile()
#1 /var/www/html/invoice-generation/sahilCargo/system/Common.php(1271): CodeIgniter\View\View->render()
#2 /var/www/html/invoice-generation/sahilCargo/app/Controllers/PurchaseOrders.php(61): view()
#3 /var/www/html/invoice-generation/sahilCargo/system/CodeIgniter.php(928): App\Controllers\PurchaseOrders->fCreateNewInvoice()
#4 /var/www/html/invoice-generation/sahilCargo/system/CodeIgniter.php(436): CodeIgniter\CodeIgniter->runController()
#5 /var/www/html/invoice-generation/sahilCargo/system/CodeIgniter.php(336): CodeIgniter\CodeIgniter->handleRequest()
#6 /var/www/html/invoice-generation/sahilCargo/index.php(37): CodeIgniter\CodeIgniter->run()
#7 {main}
CRITICAL - 2024-12-04 15:49:14 --> Invalid file: po/po_pdf.php
#0 /var/www/html/invoice-generation/sahilCargo/system/View/View.php(213): CodeIgniter\Exceptions\FrameworkException::forInvalidFile()
#1 /var/www/html/invoice-generation/sahilCargo/system/Common.php(1271): CodeIgniter\View\View->render()
#2 /var/www/html/invoice-generation/sahilCargo/app/Views/purchase_order/po_summary.php(86): view()
#3 /var/www/html/invoice-generation/sahilCargo/system/View/View.php(230): include('...')
#4 /var/www/html/invoice-generation/sahilCargo/system/View/View.php(232): CodeIgniter\View\View->CodeIgniter\View\{closure}()
#5 /var/www/html/invoice-generation/sahilCargo/system/Common.php(1271): CodeIgniter\View\View->render()
#6 /var/www/html/invoice-generation/sahilCargo/app/Controllers/PurchaseOrders.php(346): view()
#7 /var/www/html/invoice-generation/sahilCargo/system/CodeIgniter.php(928): App\Controllers\PurchaseOrders->fShareInvoice()
#8 /var/www/html/invoice-generation/sahilCargo/system/CodeIgniter.php(436): CodeIgniter\CodeIgniter->runController()
#9 /var/www/html/invoice-generation/sahilCargo/system/CodeIgniter.php(336): CodeIgniter\CodeIgniter->handleRequest()
#10 /var/www/html/invoice-generation/sahilCargo/index.php(37): CodeIgniter\CodeIgniter->run()
#11 {main}
CRITICAL - 2024-12-04 16:00:19 --> Undefined array key 0
#0 /var/www/html/invoice-generation/sahilCargo/app/Controllers/Quotations.php(64): CodeIgniter\Debug\Exceptions->errorHandler()
#1 /var/www/html/invoice-generation/sahilCargo/system/CodeIgniter.php(928): App\Controllers\Quotations->FUpdateQuotations()
#2 /var/www/html/invoice-generation/sahilCargo/system/CodeIgniter.php(436): CodeIgniter\CodeIgniter->runController()
#3 /var/www/html/invoice-generation/sahilCargo/system/CodeIgniter.php(336): CodeIgniter\CodeIgniter->handleRequest()
#4 /var/www/html/invoice-generation/sahilCargo/index.php(37): CodeIgniter\CodeIgniter->run()
#5 {main}
CRITICAL - 2024-12-04 16:01:23 --> Invalid file: purchase_order/update_invoice.php
#0 /var/www/html/invoice-generation/sahilCargo/system/View/View.php(213): CodeIgniter\Exceptions\FrameworkException::forInvalidFile()
#1 /var/www/html/invoice-generation/sahilCargo/system/Common.php(1271): CodeIgniter\View\View->render()
#2 /var/www/html/invoice-generation/sahilCargo/app/Controllers/PurchaseOrders.php(93): view()
#3 /var/www/html/invoice-generation/sahilCargo/system/CodeIgniter.php(928): App\Controllers\PurchaseOrders->FupdateInvoice()
#4 /var/www/html/invoice-generation/sahilCargo/system/CodeIgniter.php(436): CodeIgniter\CodeIgniter->runController()
#5 /var/www/html/invoice-generation/sahilCargo/system/CodeIgniter.php(336): CodeIgniter\CodeIgniter->handleRequest()
#6 /var/www/html/invoice-generation/sahilCargo/index.php(37): CodeIgniter\CodeIgniter->run()
#7 {main}
CRITICAL - 2024-12-04 16:02:56 --> Undefined array key 0
#0 /var/www/html/invoice-generation/sahilCargo/app/Controllers/Quotations.php(64): CodeIgniter\Debug\Exceptions->errorHandler()
#1 /var/www/html/invoice-generation/sahilCargo/system/CodeIgniter.php(928): App\Controllers\Quotations->FUpdateQuotations()
#2 /var/www/html/invoice-generation/sahilCargo/system/CodeIgniter.php(436): CodeIgniter\CodeIgniter->runController()
#3 /var/www/html/invoice-generation/sahilCargo/system/CodeIgniter.php(336): CodeIgniter\CodeIgniter->handleRequest()
#4 /var/www/html/invoice-generation/sahilCargo/index.php(37): CodeIgniter\CodeIgniter->run()
#5 {main}
ERROR - 2024-12-04 16:12:08 --> Error connecting to the database: Access denied for user '****'@'localhost' (using password: YES)
CRITICAL - 2024-12-04 16:12:08 --> Unable to connect to the database.
Main connection [MySQLi]: Access denied for user '****'@'localhost' (using password: YES)
#0 C:\xampp_8_0\htdocs\invoice-generation\sahilCargo\system\Database\BaseConnection.php(625): CodeIgniter\Database\BaseConnection->initialize()
#1 C:\xampp_8_0\htdocs\invoice-generation\sahilCargo\system\Database\BaseBuilder.php(1881): CodeIgniter\Database\BaseConnection->query('SELECT *\nFROM `...', Array, false)
#2 C:\xampp_8_0\htdocs\invoice-generation\sahilCargo\system\Model.php(197): CodeIgniter\Database\BaseBuilder->get()
#3 C:\xampp_8_0\htdocs\invoice-generation\sahilCargo\system\BaseModel.php(603): CodeIgniter\Model->doFindAll(0, 0)
#4 C:\xampp_8_0\htdocs\invoice-generation\sahilCargo\app\Controllers\Authenticate.php(41): CodeIgniter\BaseModel->findAll()
#5 C:\xampp_8_0\htdocs\invoice-generation\sahilCargo\system\CodeIgniter.php(928): App\Controllers\Authenticate->fVerifyUser()
#6 C:\xampp_8_0\htdocs\invoice-generation\sahilCargo\system\CodeIgniter.php(436): CodeIgniter\CodeIgniter->runController(Object(App\Controllers\Authenticate))
#7 C:\xampp_8_0\htdocs\invoice-generation\sahilCargo\system\CodeIgniter.php(336): CodeIgniter\CodeIgniter->handleRequest(NULL, Object(Config\Cache), false)
#8 C:\xampp_8_0\htdocs\invoice-generation\sahilCargo\index.php(37): CodeIgniter\CodeIgniter->run()
#9 {main}
CRITICAL - 2024-12-04 16:12:34 --> Trying to access array offset on value of type null
#0 C:\xampp_8_0\htdocs\invoice-generation\sahilCargo\app\Controllers\PurchaseOrders.php(81): CodeIgniter\Debug\Exceptions->errorHandler(2, 'Trying to acces...', 'C:\\xampp_8_0\\ht...', 81)
#1 C:\xampp_8_0\htdocs\invoice-generation\sahilCargo\system\CodeIgniter.php(928): App\Controllers\PurchaseOrders->FupdateInvoice('4')
#2 C:\xampp_8_0\htdocs\invoice-generation\sahilCargo\system\CodeIgniter.php(436): CodeIgniter\CodeIgniter->runController(Object(App\Controllers\PurchaseOrders))
#3 C:\xampp_8_0\htdocs\invoice-generation\sahilCargo\system\CodeIgniter.php(336): CodeIgniter\CodeIgniter->handleRequest(NULL, Object(Config\Cache), false)
#4 C:\xampp_8_0\htdocs\invoice-generation\sahilCargo\index.php(37): CodeIgniter\CodeIgniter->run()
#5 {main}
CRITICAL - 2024-12-04 16:12:39 --> Trying to access array offset on value of type null
#0 C:\xampp_8_0\htdocs\invoice-generation\sahilCargo\app\Controllers\PurchaseOrders.php(81): CodeIgniter\Debug\Exceptions->errorHandler(2, 'Trying to acces...', 'C:\\xampp_8_0\\ht...', 81)
#1 C:\xampp_8_0\htdocs\invoice-generation\sahilCargo\system\CodeIgniter.php(928): App\Controllers\PurchaseOrders->FupdateInvoice('2')
#2 C:\xampp_8_0\htdocs\invoice-generation\sahilCargo\system\CodeIgniter.php(436): CodeIgniter\CodeIgniter->runController(Object(App\Controllers\PurchaseOrders))
#3 C:\xampp_8_0\htdocs\invoice-generation\sahilCargo\system\CodeIgniter.php(336): CodeIgniter\CodeIgniter->handleRequest(NULL, Object(Config\Cache), false)
#4 C:\xampp_8_0\htdocs\invoice-generation\sahilCargo\index.php(37): CodeIgniter\CodeIgniter->run()
#5 {main}
CRITICAL - 2024-12-04 16:25:50 --> Invalid file: purchase_order/sahil_cargo_invoice_pdf.php
#0 C:\xampp_8_0\htdocs\invoice-generation\sahilCargo\system\View\View.php(213): CodeIgniter\Exceptions\FrameworkException::forInvalidFile('purchase_order/...')
#1 C:\xampp_8_0\htdocs\invoice-generation\sahilCargo\system\Common.php(1271): CodeIgniter\View\View->render('purchase_order/...', Array, true)
#2 C:\xampp_8_0\htdocs\invoice-generation\sahilCargo\app\Views\purchase_order\sahil_cargo_summary.php(85): view('purchase_order/...')
#3 C:\xampp_8_0\htdocs\invoice-generation\sahilCargo\system\View\View.php(230): include('C:\\xampp_8_0\\ht...')
#4 C:\xampp_8_0\htdocs\invoice-generation\sahilCargo\system\View\View.php(232): CodeIgniter\View\View->CodeIgniter\View\{closure}()
#5 C:\xampp_8_0\htdocs\invoice-generation\sahilCargo\system\Common.php(1271): CodeIgniter\View\View->render('purchase_order/...', Array, true)
#6 C:\xampp_8_0\htdocs\invoice-generation\sahilCargo\app\Controllers\PurchaseOrders.php(343): view('purchase_order/...', Array)
#7 C:\xampp_8_0\htdocs\invoice-generation\sahilCargo\system\CodeIgniter.php(928): App\Controllers\PurchaseOrders->fShareInvoice()
#8 C:\xampp_8_0\htdocs\invoice-generation\sahilCargo\system\CodeIgniter.php(436): CodeIgniter\CodeIgniter->runController(Object(App\Controllers\PurchaseOrders))
#9 C:\xampp_8_0\htdocs\invoice-generation\sahilCargo\system\CodeIgniter.php(336): CodeIgniter\CodeIgniter->handleRequest(NULL, Object(Config\Cache), false)
#10 C:\xampp_8_0\htdocs\invoice-generation\sahilCargo\index.php(37): CodeIgniter\CodeIgniter->run()
#11 {main}
CRITICAL - 2024-12-04 16:26:27 --> Invalid file: purchase_order/sahil_cargo_invoice_pdf.php
#0 C:\xampp_8_0\htdocs\invoice-generation\sahilCargo\system\View\View.php(213): CodeIgniter\Exceptions\FrameworkException::forInvalidFile('purchase_order/...')
#1 C:\xampp_8_0\htdocs\invoice-generation\sahilCargo\system\Common.php(1271): CodeIgniter\View\View->render('purchase_order/...', Array, true)
#2 C:\xampp_8_0\htdocs\invoice-generation\sahilCargo\app\Views\purchase_order\sahil_cargo_summary.php(85): view('purchase_order/...')
#3 C:\xampp_8_0\htdocs\invoice-generation\sahilCargo\system\View\View.php(230): include('C:\\xampp_8_0\\ht...')
#4 C:\xampp_8_0\htdocs\invoice-generation\sahilCargo\system\View\View.php(232): CodeIgniter\View\View->CodeIgniter\View\{closure}()
#5 C:\xampp_8_0\htdocs\invoice-generation\sahilCargo\system\Common.php(1271): CodeIgniter\View\View->render('purchase_order/...', Array, true)
#6 C:\xampp_8_0\htdocs\invoice-generation\sahilCargo\app\Controllers\PurchaseOrders.php(343): view('purchase_order/...', Array)
#7 C:\xampp_8_0\htdocs\invoice-generation\sahilCargo\system\CodeIgniter.php(928): App\Controllers\PurchaseOrders->fShareInvoice()
#8 C:\xampp_8_0\htdocs\invoice-generation\sahilCargo\system\CodeIgniter.php(436): CodeIgniter\CodeIgniter->runController(Object(App\Controllers\PurchaseOrders))
#9 C:\xampp_8_0\htdocs\invoice-generation\sahilCargo\system\CodeIgniter.php(336): CodeIgniter\CodeIgniter->handleRequest(NULL, Object(Config\Cache), false)
#10 C:\xampp_8_0\htdocs\invoice-generation\sahilCargo\index.php(37): CodeIgniter\CodeIgniter->run()
#11 {main}
