ERROR - 2024-11-24 16:00:57 --> Table 'invoice_platform.upsiee_price_templates' doesn't exist
CRITICAL - 2024-11-24 16:00:57 --> Call to a member function getResultArray() on bool
#0 C:\xampp_8_0\htdocs\invoice-generation\app\Controllers\Invoices.php(16): App\Models\Master_model->getRecords('upsiee_price_te...', Array)
#1 C:\xampp_8_0\htdocs\invoice-generation\system\CodeIgniter.php(900): App\Controllers\Invoices->__construct()
#2 C:\xampp_8_0\htdocs\invoice-generation\system\CodeIgniter.php(426): CodeIgniter\CodeIgniter->createController()
#3 C:\xampp_8_0\htdocs\invoice-generation\system\CodeIgniter.php(336): CodeIgniter\CodeIgniter->handleRequest(NULL, Object(Config\Cache), false)
#4 C:\xampp_8_0\htdocs\invoice-generation\index.php(37): CodeIgniter\CodeIgniter->run()
#5 {main}
CRITICAL - 2024-11-24 16:22:48 --> CodeIgniter\BaseModel::findAll(): Argument #1 ($limit) must be of type int, string given, called in C:\xampp_8_0\htdocs\invoice-generation\app\Controllers\Invoices.php on line 26
#0 C:\xampp_8_0\htdocs\invoice-generation\app\Controllers\Invoices.php(26): CodeIgniter\BaseModel->findAll('(5)')
#1 C:\xampp_8_0\htdocs\invoice-generation\system\CodeIgniter.php(928): App\Controllers\Invoices->fGetCompanyDetails('(5)')
#2 C:\xampp_8_0\htdocs\invoice-generation\system\CodeIgniter.php(436): CodeIgniter\CodeIgniter->runController(Object(App\Controllers\Invoices))
#3 C:\xampp_8_0\htdocs\invoice-generation\system\CodeIgniter.php(336): CodeIgniter\CodeIgniter->handleRequest(NULL, Object(Config\Cache), false)
#4 C:\xampp_8_0\htdocs\invoice-generation\index.php(37): CodeIgniter\CodeIgniter->run()
#5 {main}
CRITICAL - 2024-11-24 16:37:22 --> syntax error, unexpected token ";", expecting "function" or "const"
#0 C:\xampp_8_0\htdocs\invoice-generation\system\Autoloader\Autoloader.php(273): CodeIgniter\Autoloader\Autoloader->includeFile('C:\\xampp_8_0\\ht...')
#1 C:\xampp_8_0\htdocs\invoice-generation\system\Autoloader\Autoloader.php(247): CodeIgniter\Autoloader\Autoloader->loadInNamespace('App\\Controllers...')
#2 [internal function]: CodeIgniter\Autoloader\Autoloader->loadClass('App\\Controllers...')
#3 C:\xampp_8_0\htdocs\invoice-generation\system\CodeIgniter.php(885): class_exists('\\App\\Controller...', true)
#4 C:\xampp_8_0\htdocs\invoice-generation\system\CodeIgniter.php(421): CodeIgniter\CodeIgniter->startController()
#5 C:\xampp_8_0\htdocs\invoice-generation\system\CodeIgniter.php(336): CodeIgniter\CodeIgniter->handleRequest(NULL, Object(Config\Cache), false)
#6 C:\xampp_8_0\htdocs\invoice-generation\index.php(37): CodeIgniter\CodeIgniter->run()
#7 {main}
CRITICAL - 2024-11-24 17:05:16 --> Undefined variable $CompanyId
#0 C:\xampp_8_0\htdocs\invoice-generation\app\Controllers\Invoices.php(26): CodeIgniter\Debug\Exceptions->errorHandler(2, 'Undefined varia...', 'C:\\xampp_8_0\\ht...', 26)
#1 C:\xampp_8_0\htdocs\invoice-generation\system\CodeIgniter.php(928): App\Controllers\Invoices->fGetCompanyDetails()
#2 C:\xampp_8_0\htdocs\invoice-generation\system\CodeIgniter.php(436): CodeIgniter\CodeIgniter->runController(Object(App\Controllers\Invoices))
#3 C:\xampp_8_0\htdocs\invoice-generation\system\CodeIgniter.php(336): CodeIgniter\CodeIgniter->handleRequest(NULL, Object(Config\Cache), false)
#4 C:\xampp_8_0\htdocs\invoice-generation\index.php(37): CodeIgniter\CodeIgniter->run()
#5 {main}
CRITICAL - 2024-11-24 17:52:52 --> Undefined variable $panel
#0 C:\xampp_8_0\htdocs\invoice-generation\app\Views\invoice\company_details.php(1): CodeIgniter\Debug\Exceptions->errorHandler(2, 'Undefined varia...', 'C:\\xampp_8_0\\ht...', 1)
#1 C:\xampp_8_0\htdocs\invoice-generation\system\View\View.php(230): include('C:\\xampp_8_0\\ht...')
#2 C:\xampp_8_0\htdocs\invoice-generation\system\View\View.php(232): CodeIgniter\View\View->CodeIgniter\View\{closure}()
#3 C:\xampp_8_0\htdocs\invoice-generation\system\Common.php(1271): CodeIgniter\View\View->render('invoice/company...', Array, true)
#4 C:\xampp_8_0\htdocs\invoice-generation\app\Controllers\Invoices.php(28): view('invoice/company...', Array)
#5 C:\xampp_8_0\htdocs\invoice-generation\system\CodeIgniter.php(928): App\Controllers\Invoices->fGetCompanyDetails()
#6 C:\xampp_8_0\htdocs\invoice-generation\system\CodeIgniter.php(436): CodeIgniter\CodeIgniter->runController(Object(App\Controllers\Invoices))
#7 C:\xampp_8_0\htdocs\invoice-generation\system\CodeIgniter.php(336): CodeIgniter\CodeIgniter->handleRequest(NULL, Object(Config\Cache), false)
#8 C:\xampp_8_0\htdocs\invoice-generation\index.php(37): CodeIgniter\CodeIgniter->run()
#9 {main}
CRITICAL - 2024-11-24 17:53:00 --> Undefined variable $panel
#0 C:\xampp_8_0\htdocs\invoice-generation\app\Views\invoice\company_details.php(1): CodeIgniter\Debug\Exceptions->errorHandler(2, 'Undefined varia...', 'C:\\xampp_8_0\\ht...', 1)
#1 C:\xampp_8_0\htdocs\invoice-generation\system\View\View.php(230): include('C:\\xampp_8_0\\ht...')
#2 C:\xampp_8_0\htdocs\invoice-generation\system\View\View.php(232): CodeIgniter\View\View->CodeIgniter\View\{closure}()
#3 C:\xampp_8_0\htdocs\invoice-generation\system\Common.php(1271): CodeIgniter\View\View->render('invoice/company...', Array, true)
#4 C:\xampp_8_0\htdocs\invoice-generation\app\Controllers\Invoices.php(28): view('invoice/company...', Array)
#5 C:\xampp_8_0\htdocs\invoice-generation\system\CodeIgniter.php(928): App\Controllers\Invoices->fGetCompanyDetails()
#6 C:\xampp_8_0\htdocs\invoice-generation\system\CodeIgniter.php(436): CodeIgniter\CodeIgniter->runController(Object(App\Controllers\Invoices))
#7 C:\xampp_8_0\htdocs\invoice-generation\system\CodeIgniter.php(336): CodeIgniter\CodeIgniter->handleRequest(NULL, Object(Config\Cache), false)
#8 C:\xampp_8_0\htdocs\invoice-generation\index.php(37): CodeIgniter\CodeIgniter->run()
#9 {main}
CRITICAL - 2024-11-24 17:53:28 --> Undefined variable $panel
#0 C:\xampp_8_0\htdocs\invoice-generation\app\Views\invoice\company_details.php(1): CodeIgniter\Debug\Exceptions->errorHandler(2, 'Undefined varia...', 'C:\\xampp_8_0\\ht...', 1)
#1 C:\xampp_8_0\htdocs\invoice-generation\system\View\View.php(230): include('C:\\xampp_8_0\\ht...')
#2 C:\xampp_8_0\htdocs\invoice-generation\system\View\View.php(232): CodeIgniter\View\View->CodeIgniter\View\{closure}()
#3 C:\xampp_8_0\htdocs\invoice-generation\system\Common.php(1271): CodeIgniter\View\View->render('invoice/company...', Array, true)
#4 C:\xampp_8_0\htdocs\invoice-generation\app\Controllers\Invoices.php(28): view('invoice/company...', Array)
#5 C:\xampp_8_0\htdocs\invoice-generation\system\CodeIgniter.php(928): App\Controllers\Invoices->fGetCompanyDetails()
#6 C:\xampp_8_0\htdocs\invoice-generation\system\CodeIgniter.php(436): CodeIgniter\CodeIgniter->runController(Object(App\Controllers\Invoices))
#7 C:\xampp_8_0\htdocs\invoice-generation\system\CodeIgniter.php(336): CodeIgniter\CodeIgniter->handleRequest(NULL, Object(Config\Cache), false)
#8 C:\xampp_8_0\htdocs\invoice-generation\index.php(37): CodeIgniter\CodeIgniter->run()
#9 {main}
CRITICAL - 2024-11-24 17:54:02 --> Undefined variable $panel
#0 C:\xampp_8_0\htdocs\invoice-generation\app\Views\invoice\company_details.php(1): CodeIgniter\Debug\Exceptions->errorHandler(2, 'Undefined varia...', 'C:\\xampp_8_0\\ht...', 1)
#1 C:\xampp_8_0\htdocs\invoice-generation\system\View\View.php(230): include('C:\\xampp_8_0\\ht...')
#2 C:\xampp_8_0\htdocs\invoice-generation\system\View\View.php(232): CodeIgniter\View\View->CodeIgniter\View\{closure}()
#3 C:\xampp_8_0\htdocs\invoice-generation\system\Common.php(1271): CodeIgniter\View\View->render('invoice/company...', Array, true)
#4 C:\xampp_8_0\htdocs\invoice-generation\app\Controllers\Invoices.php(28): view('invoice/company...', Array)
#5 C:\xampp_8_0\htdocs\invoice-generation\system\CodeIgniter.php(928): App\Controllers\Invoices->fGetCompanyDetails()
#6 C:\xampp_8_0\htdocs\invoice-generation\system\CodeIgniter.php(436): CodeIgniter\CodeIgniter->runController(Object(App\Controllers\Invoices))
#7 C:\xampp_8_0\htdocs\invoice-generation\system\CodeIgniter.php(336): CodeIgniter\CodeIgniter->handleRequest(NULL, Object(Config\Cache), false)
#8 C:\xampp_8_0\htdocs\invoice-generation\index.php(37): CodeIgniter\CodeIgniter->run()
#9 {main}
