ERROR - 2024-11-25 13:36:13 --> Unknown column 'updated_by' in 'field list'
ERROR - 2024-11-25 13:36:13 --> Unknown column 'max_accetpted_month' in 'field list'
ERROR - 2024-11-25 13:37:33 --> Unknown column 'updated_by' in 'field list'
ERROR - 2024-11-25 13:37:33 --> Unknown column 'created_by' in 'field list'
CRITICAL - 2024-11-25 15:09:21 --> Undefined variable $boards
#0 C:\xampp_8_0\htdocs\invoice-generation\app\Views\invoice\new_invoice.php(52): CodeIgniter\Debug\Exceptions->errorHandler(2, 'Undefined varia...', 'C:\\xampp_8_0\\ht...', 52)
#1 C:\xampp_8_0\htdocs\invoice-generation\system\View\View.php(230): include('C:\\xampp_8_0\\ht...')
#2 C:\xampp_8_0\htdocs\invoice-generation\system\View\View.php(232): CodeIgniter\View\View->CodeIgniter\View\{closure}()
#3 C:\xampp_8_0\htdocs\invoice-generation\system\Common.php(1271): CodeIgniter\View\View->render('invoice/new_inv...', Array, true)
#4 C:\xampp_8_0\htdocs\invoice-generation\app\Controllers\Invoices.php(23): view('invoice/new_inv...', Array)
#5 C:\xampp_8_0\htdocs\invoice-generation\system\CodeIgniter.php(928): App\Controllers\Invoices->fCreateNewInvoice()
#6 C:\xampp_8_0\htdocs\invoice-generation\system\CodeIgniter.php(436): CodeIgniter\CodeIgniter->runController(Object(App\Controllers\Invoices))
#7 C:\xampp_8_0\htdocs\invoice-generation\system\CodeIgniter.php(336): CodeIgniter\CodeIgniter->handleRequest(NULL, Object(Config\Cache), false)
#8 C:\xampp_8_0\htdocs\invoice-generation\index.php(37): CodeIgniter\CodeIgniter->run()
#9 {main}
CRITICAL - 2024-11-25 15:55:04 --> syntax error, unexpected token "/", expecting "function" or "const"
#0 C:\xampp_8_0\htdocs\invoice-generation\system\Autoloader\Autoloader.php(273): CodeIgniter\Autoloader\Autoloader->includeFile('C:\\xampp_8_0\\ht...')
#1 C:\xampp_8_0\htdocs\invoice-generation\system\Autoloader\Autoloader.php(247): CodeIgniter\Autoloader\Autoloader->loadInNamespace('App\\Controllers...')
#2 [internal function]: CodeIgniter\Autoloader\Autoloader->loadClass('App\\Controllers...')
#3 C:\xampp_8_0\htdocs\invoice-generation\system\CodeIgniter.php(885): class_exists('\\App\\Controller...', true)
#4 C:\xampp_8_0\htdocs\invoice-generation\system\CodeIgniter.php(421): CodeIgniter\CodeIgniter->startController()
#5 C:\xampp_8_0\htdocs\invoice-generation\system\CodeIgniter.php(336): CodeIgniter\CodeIgniter->handleRequest(NULL, Object(Config\Cache), false)
#6 C:\xampp_8_0\htdocs\invoice-generation\index.php(37): CodeIgniter\CodeIgniter->run()
#7 {main}
ERROR - 2024-11-25 16:19:27 --> Column 'sender_comp_name' cannot be null
ERROR - 2024-11-25 16:20:32 --> Column 'invoice_sender_id' cannot be null
ERROR - 2024-11-25 16:21:28 --> Column 'invoice_sender_id' cannot be null
ERROR - 2024-11-25 16:21:37 --> Column 'invoice_sender_id' cannot be null
ERROR - 2024-11-25 16:21:57 --> Column 'invoice_sender_id' cannot be null
ERROR - 2024-11-25 16:23:08 --> Duplicate entry 'safdsadf' for key 'invoice_no_3'
ERROR - 2024-11-25 16:24:23 --> Duplicate entry 'sadfsaf' for key 'invoice_no_3'
ERROR - 2024-11-25 16:25:31 --> Duplicate entry 'sadfsaf' for key 'invoice_no_3'
ERROR - 2024-11-25 16:26:52 --> Duplicate entry 'sadfsaf' for key 'invoice_no_3'
ERROR - 2024-11-25 16:26:54 --> Duplicate entry 'sadfsaf' for key 'invoice_no_3'
ERROR - 2024-11-25 16:30:02 --> Column 'invoice_sender_id' cannot be null
ERROR - 2024-11-25 16:31:53 --> Duplicate entry 'asa' for key 'invoice_no_3'
ERROR - 2024-11-25 16:32:15 --> Duplicate entry 'asa' for key 'invoice_no_3'
ERROR - 2024-11-25 16:33:00 --> Column 'receiver_comp_name' cannot be null
ERROR - 2024-11-25 16:33:16 --> Column 'sender_comp_name' cannot be null
ERROR - 2024-11-25 16:33:32 --> Column 'sender_comp_name' cannot be null
ERROR - 2024-11-25 16:34:31 --> Column 'sender_comp_name' cannot be null
ERROR - 2024-11-25 16:34:58 --> Column 'sender_comp_name' cannot be null
ERROR - 2024-11-25 16:36:47 --> Duplicate entry 'vv' for key 'invoice_no_3'
ERROR - 2024-11-25 16:36:56 --> Duplicate entry 'vv' for key 'invoice_no_3'
ERROR - 2024-11-25 16:37:04 --> Duplicate entry 'vv' for key 'invoice_no_3'
ERROR - 2024-11-25 16:37:19 --> Duplicate entry 'vv' for key 'invoice_no_3'
ERROR - 2024-11-25 16:37:29 --> Duplicate entry 'vv' for key 'invoice_no_3'
CRITICAL - 2024-11-25 16:44:15 --> Call to a member function format() on string
#0 C:\xampp_8_0\htdocs\invoice-generation\app\Controllers\Invoices.php(56): App\Models\Master_model->convertDateFormat('11/04/2024')
#1 C:\xampp_8_0\htdocs\invoice-generation\system\CodeIgniter.php(928): App\Controllers\Invoices->fSaveInvoice()
#2 C:\xampp_8_0\htdocs\invoice-generation\system\CodeIgniter.php(436): CodeIgniter\CodeIgniter->runController(Object(App\Controllers\Invoices))
#3 C:\xampp_8_0\htdocs\invoice-generation\system\CodeIgniter.php(336): CodeIgniter\CodeIgniter->handleRequest(NULL, Object(Config\Cache), false)
#4 C:\xampp_8_0\htdocs\invoice-generation\index.php(37): CodeIgniter\CodeIgniter->run()
#5 {main}
ERROR - 2024-11-25 16:47:04 --> Duplicate entry 'SHYRTUE' for key 'invoice_no_3'
ERROR - 2024-11-25 16:47:13 --> Duplicate entry 'SHYRTUE' for key 'invoice_no_3'
ERROR - 2024-11-25 16:50:24 --> Column 'invoice_sender_id' cannot be null
ERROR - 2024-11-25 16:56:19 --> Column 'invoice_sender_id' cannot be null
ERROR - 2024-11-25 16:56:19 --> You have an error in your SQL syntax; check the manual that corresponds to your MariaDB server version for the right syntax to use near '0, 1, 2) VALUES (('12345678','1','1','1','1','1','1','1'), ('12345678','2','2...' at line 1
ERROR - 2024-11-25 16:56:33 --> You have an error in your SQL syntax; check the manual that corresponds to your MariaDB server version for the right syntax to use near '0, 1, 2) VALUES (('12345678','1','1','1','1','1','1','1'), ('12345678','2','2...' at line 1
ERROR - 2024-11-25 16:58:45 --> You have an error in your SQL syntax; check the manual that corresponds to your MariaDB server version for the right syntax to use near '0) VALUES (('f','1','1','1','1','1','1','1'))' at line 1
CRITICAL - 2024-11-25 17:00:41 --> print_r() expects at most 2 arguments, 7 given
#0 C:\xampp_8_0\htdocs\invoice-generation\app\Controllers\Invoices.php(90): print_r(Array, Array, Array, Array, Array, Array, Array)
#1 C:\xampp_8_0\htdocs\invoice-generation\system\CodeIgniter.php(928): App\Controllers\Invoices->fSaveInvoice()
#2 C:\xampp_8_0\htdocs\invoice-generation\system\CodeIgniter.php(436): CodeIgniter\CodeIgniter->runController(Object(App\Controllers\Invoices))
#3 C:\xampp_8_0\htdocs\invoice-generation\system\CodeIgniter.php(336): CodeIgniter\CodeIgniter->handleRequest(NULL, Object(Config\Cache), false)
#4 C:\xampp_8_0\htdocs\invoice-generation\index.php(37): CodeIgniter\CodeIgniter->run()
#5 {main}
ERROR - 2024-11-25 17:00:55 --> Duplicate entry 'rwer' for key 'invoice_no_3'
ERROR - 2024-11-25 17:01:46 --> Duplicate entry 'rwer' for key 'invoice_no_3'
ERROR - 2024-11-25 17:04:30 --> Duplicate entry 'rwer' for key 'invoice_no_3'
ERROR - 2024-11-25 17:04:30 --> You have an error in your SQL syntax; check the manual that corresponds to your MariaDB server version for the right syntax to use near '0) VALUES (('rwer','1','1','1','1','1','1','1'))' at line 1
ERROR - 2024-11-25 17:05:45 --> Duplicate entry 'rwer' for key 'invoice_no_3'
ERROR - 2024-11-25 17:05:53 --> Duplicate entry 'rwer' for key 'invoice_no_3'
ERROR - 2024-11-25 17:05:53 --> Duplicate entry 'rwer' for key 'invoice_no_3'
ERROR - 2024-11-25 17:07:39 --> Column 'sender_comp_name' cannot be null
ERROR - 2024-11-25 17:08:12 --> Duplicate entry 'rwer' for key 'invoice_no_3'
ERROR - 2024-11-25 17:08:27 --> Duplicate entry 'rwer' for key 'invoice_no_3'
ERROR - 2024-11-25 17:08:29 --> Duplicate entry 'rwer' for key 'invoice_no_3'
ERROR - 2024-11-25 17:08:34 --> Duplicate entry 'rwer' for key 'invoice_no_3'
ERROR - 2024-11-25 17:08:41 --> Duplicate entry 'rwer' for key 'invoice_no_3'
ERROR - 2024-11-25 17:08:54 --> Duplicate entry 'rwer' for key 'invoice_no_3'
ERROR - 2024-11-25 17:09:17 --> Duplicate entry 'rwer' for key 'invoice_no_3'
ERROR - 2024-11-25 17:09:17 --> Unknown column 'description_of_goods' in 'field list'
ERROR - 2024-11-25 17:09:17 --> Unknown column 'description_of_goods' in 'field list'
ERROR - 2024-11-25 17:09:43 --> Duplicate entry 'rwer' for key 'invoice_no_3'
ERROR - 2024-11-25 17:09:43 --> You have an error in your SQL syntax; check the manual that corresponds to your MariaDB server version for the right syntax to use near '0, 1) VALUES (('rwer','1','1','1','1','1','1','1'), ('rwer','2','2','2','2','...' at line 1
ERROR - 2024-11-25 17:10:03 --> Duplicate entry 'rwer' for key 'invoice_no_3'
ERROR - 2024-11-25 17:10:03 --> You have an error in your SQL syntax; check the manual that corresponds to your MariaDB server version for the right syntax to use near '0, 1) VALUES (('rwer','1','1','1','1','1','1','1'), ('rwer','2','2','2','2','...' at line 1
ERROR - 2024-11-25 17:10:52 --> You have an error in your SQL syntax; check the manual that corresponds to your MariaDB server version for the right syntax to use near '0, 1) VALUES (('fffsdfsaffsafsaf','`','1','1','1','1','1','1'), ('fffsdfsaffs...' at line 1
ERROR - 2024-11-25 17:11:20 --> Duplicate entry 'fffsdfsaffsafsaf' for key 'invoice_no_3'
ERROR - 2024-11-25 17:11:20 --> You have an error in your SQL syntax; check the manual that corresponds to your MariaDB server version for the right syntax to use near '0) VALUES (('fffsdfsaffsafsaf','`','1','1','1','1','1','1'))' at line 1
ERROR - 2024-11-25 17:11:20 --> You have an error in your SQL syntax; check the manual that corresponds to your MariaDB server version for the right syntax to use near '0, 1) VALUES (('fffsdfsaffsafsaf','`','1','1','1','1','1','1'), ('fffsdfsaffs...' at line 1
ERROR - 2024-11-25 17:11:58 --> Duplicate entry 'fffsdfsaffsafsaf' for key 'invoice_no_3'
ERROR - 2024-11-25 17:11:58 --> You have an error in your SQL syntax; check the manual that corresponds to your MariaDB server version for the right syntax to use near '0) VALUES (('fffsdfsaffsafsaf','`','1','1','1','1','1','1'))' at line 1
ERROR - 2024-11-25 17:11:58 --> You have an error in your SQL syntax; check the manual that corresponds to your MariaDB server version for the right syntax to use near '0, 1) VALUES (('fffsdfsaffsafsaf','`','1','1','1','1','1','1'), ('fffsdfsaffs...' at line 1
ERROR - 2024-11-25 17:12:08 --> Duplicate entry 'fffsdfsaffsafsaf' for key 'invoice_no_3'
ERROR - 2024-11-25 17:12:08 --> You have an error in your SQL syntax; check the manual that corresponds to your MariaDB server version for the right syntax to use near '0) VALUES (('fffsdfsaffsafsaf','`','1','1','1','1','1','1'))' at line 1
ERROR - 2024-11-25 17:12:08 --> You have an error in your SQL syntax; check the manual that corresponds to your MariaDB server version for the right syntax to use near '0, 1) VALUES (('fffsdfsaffsafsaf','`','1','1','1','1','1','1'), ('fffsdfsaffs...' at line 1
ERROR - 2024-11-25 17:13:10 --> Duplicate entry 'fffsdfsaffsafsaf' for key 'invoice_no_3'
CRITICAL - 2024-11-25 20:28:48 --> Undefined array key "gst"
#0 C:\xampp_8_0\htdocs\invoice-generation\app\Controllers\Invoices.php(161): CodeIgniter\Debug\Exceptions->errorHandler(2, 'Undefined array...', 'C:\\xampp_8_0\\ht...', 161)
#1 C:\xampp_8_0\htdocs\invoice-generation\system\CodeIgniter.php(928): App\Controllers\Invoices->get_gst_rates()
#2 C:\xampp_8_0\htdocs\invoice-generation\system\CodeIgniter.php(436): CodeIgniter\CodeIgniter->runController(Object(App\Controllers\Invoices))
#3 C:\xampp_8_0\htdocs\invoice-generation\system\CodeIgniter.php(336): CodeIgniter\CodeIgniter->handleRequest(NULL, Object(Config\Cache), false)
#4 C:\xampp_8_0\htdocs\invoice-generation\index.php(37): CodeIgniter\CodeIgniter->run()
#5 {main}
CRITICAL - 2024-11-25 20:32:11 --> Undefined array key "cgst"
#0 C:\xampp_8_0\htdocs\invoice-generation\app\Controllers\Invoices.php(167): CodeIgniter\Debug\Exceptions->errorHandler(2, 'Undefined array...', 'C:\\xampp_8_0\\ht...', 167)
#1 C:\xampp_8_0\htdocs\invoice-generation\system\CodeIgniter.php(928): App\Controllers\Invoices->get_gst_rates()
#2 C:\xampp_8_0\htdocs\invoice-generation\system\CodeIgniter.php(436): CodeIgniter\CodeIgniter->runController(Object(App\Controllers\Invoices))
#3 C:\xampp_8_0\htdocs\invoice-generation\system\CodeIgniter.php(336): CodeIgniter\CodeIgniter->handleRequest(NULL, Object(Config\Cache), false)
#4 C:\xampp_8_0\htdocs\invoice-generation\index.php(37): CodeIgniter\CodeIgniter->run()
#5 {main}
CRITICAL - 2024-11-25 20:32:20 --> Undefined array key "cgst"
#0 C:\xampp_8_0\htdocs\invoice-generation\app\Controllers\Invoices.php(167): CodeIgniter\Debug\Exceptions->errorHandler(2, 'Undefined array...', 'C:\\xampp_8_0\\ht...', 167)
#1 C:\xampp_8_0\htdocs\invoice-generation\system\CodeIgniter.php(928): App\Controllers\Invoices->get_gst_rates()
#2 C:\xampp_8_0\htdocs\invoice-generation\system\CodeIgniter.php(436): CodeIgniter\CodeIgniter->runController(Object(App\Controllers\Invoices))
#3 C:\xampp_8_0\htdocs\invoice-generation\system\CodeIgniter.php(336): CodeIgniter\CodeIgniter->handleRequest(NULL, Object(Config\Cache), false)
#4 C:\xampp_8_0\htdocs\invoice-generation\index.php(37): CodeIgniter\CodeIgniter->run()
#5 {main}
CRITICAL - 2024-11-25 20:32:36 --> Undefined array key "cgst"
#0 C:\xampp_8_0\htdocs\invoice-generation\app\Controllers\Invoices.php(167): CodeIgniter\Debug\Exceptions->errorHandler(2, 'Undefined array...', 'C:\\xampp_8_0\\ht...', 167)
#1 C:\xampp_8_0\htdocs\invoice-generation\system\CodeIgniter.php(928): App\Controllers\Invoices->get_gst_rates()
#2 C:\xampp_8_0\htdocs\invoice-generation\system\CodeIgniter.php(436): CodeIgniter\CodeIgniter->runController(Object(App\Controllers\Invoices))
#3 C:\xampp_8_0\htdocs\invoice-generation\system\CodeIgniter.php(336): CodeIgniter\CodeIgniter->handleRequest(NULL, Object(Config\Cache), false)
#4 C:\xampp_8_0\htdocs\invoice-generation\index.php(37): CodeIgniter\CodeIgniter->run()
#5 {main}
CRITICAL - 2024-11-25 20:32:40 --> Undefined array key "cgst"
#0 C:\xampp_8_0\htdocs\invoice-generation\app\Controllers\Invoices.php(167): CodeIgniter\Debug\Exceptions->errorHandler(2, 'Undefined array...', 'C:\\xampp_8_0\\ht...', 167)
#1 C:\xampp_8_0\htdocs\invoice-generation\system\CodeIgniter.php(928): App\Controllers\Invoices->get_gst_rates()
#2 C:\xampp_8_0\htdocs\invoice-generation\system\CodeIgniter.php(436): CodeIgniter\CodeIgniter->runController(Object(App\Controllers\Invoices))
#3 C:\xampp_8_0\htdocs\invoice-generation\system\CodeIgniter.php(336): CodeIgniter\CodeIgniter->handleRequest(NULL, Object(Config\Cache), false)
#4 C:\xampp_8_0\htdocs\invoice-generation\index.php(37): CodeIgniter\CodeIgniter->run()
#5 {main}
CRITICAL - 2024-11-25 20:32:54 --> Undefined array key "cgst"
#0 C:\xampp_8_0\htdocs\invoice-generation\app\Controllers\Invoices.php(167): CodeIgniter\Debug\Exceptions->errorHandler(2, 'Undefined array...', 'C:\\xampp_8_0\\ht...', 167)
#1 C:\xampp_8_0\htdocs\invoice-generation\system\CodeIgniter.php(928): App\Controllers\Invoices->get_gst_rates()
#2 C:\xampp_8_0\htdocs\invoice-generation\system\CodeIgniter.php(436): CodeIgniter\CodeIgniter->runController(Object(App\Controllers\Invoices))
#3 C:\xampp_8_0\htdocs\invoice-generation\system\CodeIgniter.php(336): CodeIgniter\CodeIgniter->handleRequest(NULL, Object(Config\Cache), false)
#4 C:\xampp_8_0\htdocs\invoice-generation\index.php(37): CodeIgniter\CodeIgniter->run()
#5 {main}
