CRITICAL - 2024-11-27 10:15:00 --> Undefined array key "PROJECT_NAME"
#0 /var/www/html/invoice-generation/app/Views/authentication/sign_in.php(8): CodeIgniter\Debug\Exceptions->errorHandler()
#1 /var/www/html/invoice-generation/system/View/View.php(230): include('...')
#2 /var/www/html/invoice-generation/system/View/View.php(232): CodeIgniter\View\View->CodeIgniter\View\{closure}()
#3 /var/www/html/invoice-generation/system/Common.php(1271): CodeIgniter\View\View->render()
#4 /var/www/html/invoice-generation/app/Controllers/Authenticate.php(16): view()
#5 /var/www/html/invoice-generation/system/CodeIgniter.php(928): App\Controllers\Authenticate->fSignUp()
#6 /var/www/html/invoice-generation/system/CodeIgniter.php(436): CodeIgniter\CodeIgniter->runController()
#7 /var/www/html/invoice-generation/system/CodeIgniter.php(336): CodeIgniter\CodeIgniter->handleRequest()
#8 /var/www/html/invoice-generation/index.php(37): CodeIgniter\CodeIgniter->run()
#9 {main}
ERROR - 2024-11-27 11:07:05 --> Error connecting to the database: Access denied for user '****'@'localhost' (using password: NO)
CRITICAL - 2024-11-27 11:07:05 --> Unable to connect to the database.
Main connection [MySQLi]: Access denied for user '****'@'localhost' (using password: NO)
#0 /var/www/html/invoice-generation/system/Database/BaseConnection.php(625): CodeIgniter\Database\BaseConnection->initialize()
#1 /var/www/html/invoice-generation/system/Database/BaseBuilder.php(1881): CodeIgniter\Database\BaseConnection->query()
#2 /var/www/html/invoice-generation/app/Models/Master_model.php(88): CodeIgniter\Database\BaseBuilder->get()
#3 /var/www/html/invoice-generation/app/Controllers/Invoices.php(22): App\Models\Master_model->getRecords()
#4 /var/www/html/invoice-generation/system/CodeIgniter.php(900): App\Controllers\Invoices->__construct()
#5 /var/www/html/invoice-generation/system/CodeIgniter.php(426): CodeIgniter\CodeIgniter->createController()
#6 /var/www/html/invoice-generation/system/CodeIgniter.php(336): CodeIgniter\CodeIgniter->handleRequest()
#7 /var/www/html/invoice-generation/index.php(37): CodeIgniter\CodeIgniter->run()
#8 {main}
CRITICAL - 2024-11-27 14:22:26 --> Call to undefined function format_indian_currency()
#0 /var/www/html/invoice-generation/system/View/View.php(230): include()
#1 /var/www/html/invoice-generation/system/View/View.php(232): CodeIgniter\View\View->CodeIgniter\View\{closure}()
#2 /var/www/html/invoice-generation/system/Common.php(1271): CodeIgniter\View\View->render()
#3 /var/www/html/invoice-generation/app/Controllers/Dashboard.php(22): view()
#4 /var/www/html/invoice-generation/system/CodeIgniter.php(928): App\Controllers\Dashboard->fBoardDashboard()
#5 /var/www/html/invoice-generation/system/CodeIgniter.php(436): CodeIgniter\CodeIgniter->runController()
#6 /var/www/html/invoice-generation/system/CodeIgniter.php(336): CodeIgniter\CodeIgniter->handleRequest()
#7 /var/www/html/invoice-generation/index.php(37): CodeIgniter\CodeIgniter->run()
#8 {main}
CRITICAL - 2024-11-27 14:24:18 --> Call to undefined function format_indian_currency()
#0 /var/www/html/invoice-generation/system/View/View.php(230): include()
#1 /var/www/html/invoice-generation/system/View/View.php(232): CodeIgniter\View\View->CodeIgniter\View\{closure}()
#2 /var/www/html/invoice-generation/system/Common.php(1271): CodeIgniter\View\View->render()
#3 /var/www/html/invoice-generation/app/Controllers/Dashboard.php(22): view()
#4 /var/www/html/invoice-generation/system/CodeIgniter.php(928): App\Controllers\Dashboard->fBoardDashboard()
#5 /var/www/html/invoice-generation/system/CodeIgniter.php(436): CodeIgniter\CodeIgniter->runController()
#6 /var/www/html/invoice-generation/system/CodeIgniter.php(336): CodeIgniter\CodeIgniter->handleRequest()
#7 /var/www/html/invoice-generation/index.php(37): CodeIgniter\CodeIgniter->run()
#8 {main}
CRITICAL - 2024-11-27 14:24:20 --> Call to undefined function format_indian_currency()
#0 /var/www/html/invoice-generation/system/View/View.php(230): include()
#1 /var/www/html/invoice-generation/system/View/View.php(232): CodeIgniter\View\View->CodeIgniter\View\{closure}()
#2 /var/www/html/invoice-generation/system/Common.php(1271): CodeIgniter\View\View->render()
#3 /var/www/html/invoice-generation/app/Controllers/Dashboard.php(22): view()
#4 /var/www/html/invoice-generation/system/CodeIgniter.php(928): App\Controllers\Dashboard->fBoardDashboard()
#5 /var/www/html/invoice-generation/system/CodeIgniter.php(436): CodeIgniter\CodeIgniter->runController()
#6 /var/www/html/invoice-generation/system/CodeIgniter.php(336): CodeIgniter\CodeIgniter->handleRequest()
#7 /var/www/html/invoice-generation/index.php(37): CodeIgniter\CodeIgniter->run()
#8 {main}
CRITICAL - 2024-11-27 14:24:20 --> Call to undefined function format_indian_currency()
#0 /var/www/html/invoice-generation/system/View/View.php(230): include()
#1 /var/www/html/invoice-generation/system/View/View.php(232): CodeIgniter\View\View->CodeIgniter\View\{closure}()
#2 /var/www/html/invoice-generation/system/Common.php(1271): CodeIgniter\View\View->render()
#3 /var/www/html/invoice-generation/app/Controllers/Dashboard.php(22): view()
#4 /var/www/html/invoice-generation/system/CodeIgniter.php(928): App\Controllers\Dashboard->fBoardDashboard()
#5 /var/www/html/invoice-generation/system/CodeIgniter.php(436): CodeIgniter\CodeIgniter->runController()
#6 /var/www/html/invoice-generation/system/CodeIgniter.php(336): CodeIgniter\CodeIgniter->handleRequest()
#7 /var/www/html/invoice-generation/index.php(37): CodeIgniter\CodeIgniter->run()
#8 {main}
CRITICAL - 2024-11-27 14:24:21 --> Call to undefined function format_indian_currency()
#0 /var/www/html/invoice-generation/system/View/View.php(230): include()
#1 /var/www/html/invoice-generation/system/View/View.php(232): CodeIgniter\View\View->CodeIgniter\View\{closure}()
#2 /var/www/html/invoice-generation/system/Common.php(1271): CodeIgniter\View\View->render()
#3 /var/www/html/invoice-generation/app/Controllers/Dashboard.php(22): view()
#4 /var/www/html/invoice-generation/system/CodeIgniter.php(928): App\Controllers\Dashboard->fBoardDashboard()
#5 /var/www/html/invoice-generation/system/CodeIgniter.php(436): CodeIgniter\CodeIgniter->runController()
#6 /var/www/html/invoice-generation/system/CodeIgniter.php(336): CodeIgniter\CodeIgniter->handleRequest()
#7 /var/www/html/invoice-generation/index.php(37): CodeIgniter\CodeIgniter->run()
#8 {main}
CRITICAL - 2024-11-27 14:24:21 --> Call to undefined function format_indian_currency()
#0 /var/www/html/invoice-generation/system/View/View.php(230): include()
#1 /var/www/html/invoice-generation/system/View/View.php(232): CodeIgniter\View\View->CodeIgniter\View\{closure}()
#2 /var/www/html/invoice-generation/system/Common.php(1271): CodeIgniter\View\View->render()
#3 /var/www/html/invoice-generation/app/Controllers/Dashboard.php(22): view()
#4 /var/www/html/invoice-generation/system/CodeIgniter.php(928): App\Controllers\Dashboard->fBoardDashboard()
#5 /var/www/html/invoice-generation/system/CodeIgniter.php(436): CodeIgniter\CodeIgniter->runController()
#6 /var/www/html/invoice-generation/system/CodeIgniter.php(336): CodeIgniter\CodeIgniter->handleRequest()
#7 /var/www/html/invoice-generation/index.php(37): CodeIgniter\CodeIgniter->run()
#8 {main}
CRITICAL - 2024-11-27 14:24:21 --> Call to undefined function format_indian_currency()
#0 /var/www/html/invoice-generation/system/View/View.php(230): include()
#1 /var/www/html/invoice-generation/system/View/View.php(232): CodeIgniter\View\View->CodeIgniter\View\{closure}()
#2 /var/www/html/invoice-generation/system/Common.php(1271): CodeIgniter\View\View->render()
#3 /var/www/html/invoice-generation/app/Controllers/Dashboard.php(22): view()
#4 /var/www/html/invoice-generation/system/CodeIgniter.php(928): App\Controllers\Dashboard->fBoardDashboard()
#5 /var/www/html/invoice-generation/system/CodeIgniter.php(436): CodeIgniter\CodeIgniter->runController()
#6 /var/www/html/invoice-generation/system/CodeIgniter.php(336): CodeIgniter\CodeIgniter->handleRequest()
#7 /var/www/html/invoice-generation/index.php(37): CodeIgniter\CodeIgniter->run()
#8 {main}
CRITICAL - 2024-11-27 14:24:21 --> Call to undefined function format_indian_currency()
#0 /var/www/html/invoice-generation/system/View/View.php(230): include()
#1 /var/www/html/invoice-generation/system/View/View.php(232): CodeIgniter\View\View->CodeIgniter\View\{closure}()
#2 /var/www/html/invoice-generation/system/Common.php(1271): CodeIgniter\View\View->render()
#3 /var/www/html/invoice-generation/app/Controllers/Dashboard.php(22): view()
#4 /var/www/html/invoice-generation/system/CodeIgniter.php(928): App\Controllers\Dashboard->fBoardDashboard()
#5 /var/www/html/invoice-generation/system/CodeIgniter.php(436): CodeIgniter\CodeIgniter->runController()
#6 /var/www/html/invoice-generation/system/CodeIgniter.php(336): CodeIgniter\CodeIgniter->handleRequest()
#7 /var/www/html/invoice-generation/index.php(37): CodeIgniter\CodeIgniter->run()
#8 {main}
CRITICAL - 2024-11-27 14:24:21 --> Call to undefined function format_indian_currency()
#0 /var/www/html/invoice-generation/system/View/View.php(230): include()
#1 /var/www/html/invoice-generation/system/View/View.php(232): CodeIgniter\View\View->CodeIgniter\View\{closure}()
#2 /var/www/html/invoice-generation/system/Common.php(1271): CodeIgniter\View\View->render()
#3 /var/www/html/invoice-generation/app/Controllers/Dashboard.php(22): view()
#4 /var/www/html/invoice-generation/system/CodeIgniter.php(928): App\Controllers\Dashboard->fBoardDashboard()
#5 /var/www/html/invoice-generation/system/CodeIgniter.php(436): CodeIgniter\CodeIgniter->runController()
#6 /var/www/html/invoice-generation/system/CodeIgniter.php(336): CodeIgniter\CodeIgniter->handleRequest()
#7 /var/www/html/invoice-generation/index.php(37): CodeIgniter\CodeIgniter->run()
#8 {main}
CRITICAL - 2024-11-27 14:24:22 --> Call to undefined function format_indian_currency()
#0 /var/www/html/invoice-generation/system/View/View.php(230): include()
#1 /var/www/html/invoice-generation/system/View/View.php(232): CodeIgniter\View\View->CodeIgniter\View\{closure}()
#2 /var/www/html/invoice-generation/system/Common.php(1271): CodeIgniter\View\View->render()
#3 /var/www/html/invoice-generation/app/Controllers/Dashboard.php(22): view()
#4 /var/www/html/invoice-generation/system/CodeIgniter.php(928): App\Controllers\Dashboard->fBoardDashboard()
#5 /var/www/html/invoice-generation/system/CodeIgniter.php(436): CodeIgniter\CodeIgniter->runController()
#6 /var/www/html/invoice-generation/system/CodeIgniter.php(336): CodeIgniter\CodeIgniter->handleRequest()
#7 /var/www/html/invoice-generation/index.php(37): CodeIgniter\CodeIgniter->run()
#8 {main}
CRITICAL - 2024-11-27 14:24:22 --> Call to undefined function format_indian_currency()
#0 /var/www/html/invoice-generation/system/View/View.php(230): include()
#1 /var/www/html/invoice-generation/system/View/View.php(232): CodeIgniter\View\View->CodeIgniter\View\{closure}()
#2 /var/www/html/invoice-generation/system/Common.php(1271): CodeIgniter\View\View->render()
#3 /var/www/html/invoice-generation/app/Controllers/Dashboard.php(22): view()
#4 /var/www/html/invoice-generation/system/CodeIgniter.php(928): App\Controllers\Dashboard->fBoardDashboard()
#5 /var/www/html/invoice-generation/system/CodeIgniter.php(436): CodeIgniter\CodeIgniter->runController()
#6 /var/www/html/invoice-generation/system/CodeIgniter.php(336): CodeIgniter\CodeIgniter->handleRequest()
#7 /var/www/html/invoice-generation/index.php(37): CodeIgniter\CodeIgniter->run()
#8 {main}
CRITICAL - 2024-11-27 14:24:54 --> Call to undefined function format_indian_currency()
#0 /var/www/html/invoice-generation/system/View/View.php(230): include()
#1 /var/www/html/invoice-generation/system/View/View.php(232): CodeIgniter\View\View->CodeIgniter\View\{closure}()
#2 /var/www/html/invoice-generation/system/Common.php(1271): CodeIgniter\View\View->render()
#3 /var/www/html/invoice-generation/app/Controllers/Dashboard.php(22): view()
#4 /var/www/html/invoice-generation/system/CodeIgniter.php(928): App\Controllers\Dashboard->fBoardDashboard()
#5 /var/www/html/invoice-generation/system/CodeIgniter.php(436): CodeIgniter\CodeIgniter->runController()
#6 /var/www/html/invoice-generation/system/CodeIgniter.php(336): CodeIgniter\CodeIgniter->handleRequest()
#7 /var/www/html/invoice-generation/index.php(37): CodeIgniter\CodeIgniter->run()
#8 {main}
CRITICAL - 2024-11-27 14:24:54 --> Call to undefined function format_indian_currency()
#0 /var/www/html/invoice-generation/system/View/View.php(230): include()
#1 /var/www/html/invoice-generation/system/View/View.php(232): CodeIgniter\View\View->CodeIgniter\View\{closure}()
#2 /var/www/html/invoice-generation/system/Common.php(1271): CodeIgniter\View\View->render()
#3 /var/www/html/invoice-generation/app/Controllers/Dashboard.php(22): view()
#4 /var/www/html/invoice-generation/system/CodeIgniter.php(928): App\Controllers\Dashboard->fBoardDashboard()
#5 /var/www/html/invoice-generation/system/CodeIgniter.php(436): CodeIgniter\CodeIgniter->runController()
#6 /var/www/html/invoice-generation/system/CodeIgniter.php(336): CodeIgniter\CodeIgniter->handleRequest()
#7 /var/www/html/invoice-generation/index.php(37): CodeIgniter\CodeIgniter->run()
#8 {main}
CRITICAL - 2024-11-27 14:24:54 --> Call to undefined function format_indian_currency()
#0 /var/www/html/invoice-generation/system/View/View.php(230): include()
#1 /var/www/html/invoice-generation/system/View/View.php(232): CodeIgniter\View\View->CodeIgniter\View\{closure}()
#2 /var/www/html/invoice-generation/system/Common.php(1271): CodeIgniter\View\View->render()
#3 /var/www/html/invoice-generation/app/Controllers/Dashboard.php(22): view()
#4 /var/www/html/invoice-generation/system/CodeIgniter.php(928): App\Controllers\Dashboard->fBoardDashboard()
#5 /var/www/html/invoice-generation/system/CodeIgniter.php(436): CodeIgniter\CodeIgniter->runController()
#6 /var/www/html/invoice-generation/system/CodeIgniter.php(336): CodeIgniter\CodeIgniter->handleRequest()
#7 /var/www/html/invoice-generation/index.php(37): CodeIgniter\CodeIgniter->run()
#8 {main}
CRITICAL - 2024-11-27 14:24:54 --> Call to undefined function format_indian_currency()
#0 /var/www/html/invoice-generation/system/View/View.php(230): include()
#1 /var/www/html/invoice-generation/system/View/View.php(232): CodeIgniter\View\View->CodeIgniter\View\{closure}()
#2 /var/www/html/invoice-generation/system/Common.php(1271): CodeIgniter\View\View->render()
#3 /var/www/html/invoice-generation/app/Controllers/Dashboard.php(22): view()
#4 /var/www/html/invoice-generation/system/CodeIgniter.php(928): App\Controllers\Dashboard->fBoardDashboard()
#5 /var/www/html/invoice-generation/system/CodeIgniter.php(436): CodeIgniter\CodeIgniter->runController()
#6 /var/www/html/invoice-generation/system/CodeIgniter.php(336): CodeIgniter\CodeIgniter->handleRequest()
#7 /var/www/html/invoice-generation/index.php(37): CodeIgniter\CodeIgniter->run()
#8 {main}
CRITICAL - 2024-11-27 14:24:56 --> Call to undefined function format_indian_currency()
#0 /var/www/html/invoice-generation/system/View/View.php(230): include()
#1 /var/www/html/invoice-generation/system/View/View.php(232): CodeIgniter\View\View->CodeIgniter\View\{closure}()
#2 /var/www/html/invoice-generation/system/Common.php(1271): CodeIgniter\View\View->render()
#3 /var/www/html/invoice-generation/app/Controllers/Dashboard.php(22): view()
#4 /var/www/html/invoice-generation/system/CodeIgniter.php(928): App\Controllers\Dashboard->fBoardDashboard()
#5 /var/www/html/invoice-generation/system/CodeIgniter.php(436): CodeIgniter\CodeIgniter->runController()
#6 /var/www/html/invoice-generation/system/CodeIgniter.php(336): CodeIgniter\CodeIgniter->handleRequest()
#7 /var/www/html/invoice-generation/index.php(37): CodeIgniter\CodeIgniter->run()
#8 {main}
CRITICAL - 2024-11-27 14:24:56 --> Call to undefined function format_indian_currency()
#0 /var/www/html/invoice-generation/system/View/View.php(230): include()
#1 /var/www/html/invoice-generation/system/View/View.php(232): CodeIgniter\View\View->CodeIgniter\View\{closure}()
#2 /var/www/html/invoice-generation/system/Common.php(1271): CodeIgniter\View\View->render()
#3 /var/www/html/invoice-generation/app/Controllers/Dashboard.php(22): view()
#4 /var/www/html/invoice-generation/system/CodeIgniter.php(928): App\Controllers\Dashboard->fBoardDashboard()
#5 /var/www/html/invoice-generation/system/CodeIgniter.php(436): CodeIgniter\CodeIgniter->runController()
#6 /var/www/html/invoice-generation/system/CodeIgniter.php(336): CodeIgniter\CodeIgniter->handleRequest()
#7 /var/www/html/invoice-generation/index.php(37): CodeIgniter\CodeIgniter->run()
#8 {main}
CRITICAL - 2024-11-27 14:24:56 --> Call to undefined function format_indian_currency()
#0 /var/www/html/invoice-generation/system/View/View.php(230): include()
#1 /var/www/html/invoice-generation/system/View/View.php(232): CodeIgniter\View\View->CodeIgniter\View\{closure}()
#2 /var/www/html/invoice-generation/system/Common.php(1271): CodeIgniter\View\View->render()
#3 /var/www/html/invoice-generation/app/Controllers/Dashboard.php(22): view()
#4 /var/www/html/invoice-generation/system/CodeIgniter.php(928): App\Controllers\Dashboard->fBoardDashboard()
#5 /var/www/html/invoice-generation/system/CodeIgniter.php(436): CodeIgniter\CodeIgniter->runController()
#6 /var/www/html/invoice-generation/system/CodeIgniter.php(336): CodeIgniter\CodeIgniter->handleRequest()
#7 /var/www/html/invoice-generation/index.php(37): CodeIgniter\CodeIgniter->run()
#8 {main}
CRITICAL - 2024-11-27 14:24:57 --> Call to undefined function format_indian_currency()
#0 /var/www/html/invoice-generation/system/View/View.php(230): include()
#1 /var/www/html/invoice-generation/system/View/View.php(232): CodeIgniter\View\View->CodeIgniter\View\{closure}()
#2 /var/www/html/invoice-generation/system/Common.php(1271): CodeIgniter\View\View->render()
#3 /var/www/html/invoice-generation/app/Controllers/Dashboard.php(22): view()
#4 /var/www/html/invoice-generation/system/CodeIgniter.php(928): App\Controllers\Dashboard->fBoardDashboard()
#5 /var/www/html/invoice-generation/system/CodeIgniter.php(436): CodeIgniter\CodeIgniter->runController()
#6 /var/www/html/invoice-generation/system/CodeIgniter.php(336): CodeIgniter\CodeIgniter->handleRequest()
#7 /var/www/html/invoice-generation/index.php(37): CodeIgniter\CodeIgniter->run()
#8 {main}
ERROR - 2024-11-27 14:31:29 --> Column 'receiver_comp_name' cannot be null
CRITICAL - 2024-11-27 14:31:29 --> count(): Argument #1 ($value) must be of type Countable|array, null given
#0 /var/www/html/invoice-generation/app/Controllers/Invoices.php(211): count()
#1 /var/www/html/invoice-generation/system/CodeIgniter.php(928): App\Controllers\Invoices->fSaveInvoice()
#2 /var/www/html/invoice-generation/system/CodeIgniter.php(436): CodeIgniter\CodeIgniter->runController()
#3 /var/www/html/invoice-generation/system/CodeIgniter.php(336): CodeIgniter\CodeIgniter->handleRequest()
#4 /var/www/html/invoice-generation/index.php(37): CodeIgniter\CodeIgniter->run()
#5 {main}
ERROR - 2024-11-27 14:32:13 --> Column 'receiver_comp_name' cannot be null
CRITICAL - 2024-11-27 14:32:13 --> count(): Argument #1 ($value) must be of type Countable|array, null given
#0 /var/www/html/invoice-generation/app/Controllers/Invoices.php(211): count()
#1 /var/www/html/invoice-generation/system/CodeIgniter.php(928): App\Controllers\Invoices->fSaveInvoice()
#2 /var/www/html/invoice-generation/system/CodeIgniter.php(436): CodeIgniter\CodeIgniter->runController()
#3 /var/www/html/invoice-generation/system/CodeIgniter.php(336): CodeIgniter\CodeIgniter->handleRequest()
#4 /var/www/html/invoice-generation/index.php(37): CodeIgniter\CodeIgniter->run()
#5 {main}
ERROR - 2024-11-27 14:34:48 --> Column 'receiver_comp_name' cannot be null
CRITICAL - 2024-11-27 14:34:48 --> count(): Argument #1 ($value) must be of type Countable|array, null given
#0 /var/www/html/invoice-generation/app/Controllers/Invoices.php(211): count()
#1 /var/www/html/invoice-generation/system/CodeIgniter.php(928): App\Controllers\Invoices->fSaveInvoice()
#2 /var/www/html/invoice-generation/system/CodeIgniter.php(436): CodeIgniter\CodeIgniter->runController()
#3 /var/www/html/invoice-generation/system/CodeIgniter.php(336): CodeIgniter\CodeIgniter->handleRequest()
#4 /var/www/html/invoice-generation/index.php(37): CodeIgniter\CodeIgniter->run()
#5 {main}
ERROR - 2024-11-27 14:49:53 --> Column 'receiver_comp_name' cannot be null
CRITICAL - 2024-11-27 16:12:00 --> Undefined array key "id"
#0 /var/www/html/invoice-generation/app/Views/invoice/invoice_summary.php(72): CodeIgniter\Debug\Exceptions->errorHandler()
#1 /var/www/html/invoice-generation/system/View/View.php(230): include('...')
#2 /var/www/html/invoice-generation/system/View/View.php(232): CodeIgniter\View\View->CodeIgniter\View\{closure}()
#3 /var/www/html/invoice-generation/system/Common.php(1271): CodeIgniter\View\View->render()
#4 /var/www/html/invoice-generation/app/Controllers/Invoices.php(273): view()
#5 /var/www/html/invoice-generation/system/CodeIgniter.php(928): App\Controllers\Invoices->fShareInvoice()
#6 /var/www/html/invoice-generation/system/CodeIgniter.php(436): CodeIgniter\CodeIgniter->runController()
#7 /var/www/html/invoice-generation/system/CodeIgniter.php(336): CodeIgniter\CodeIgniter->handleRequest()
#8 /var/www/html/invoice-generation/index.php(37): CodeIgniter\CodeIgniter->run()
#9 {main}
CRITICAL - 2024-11-27 16:13:29 --> Undefined array key 0
#0 /var/www/html/invoice-generation/app/Views/invoice/invoice_summary.php(72): CodeIgniter\Debug\Exceptions->errorHandler()
#1 /var/www/html/invoice-generation/system/View/View.php(230): include('...')
#2 /var/www/html/invoice-generation/system/View/View.php(232): CodeIgniter\View\View->CodeIgniter\View\{closure}()
#3 /var/www/html/invoice-generation/system/Common.php(1271): CodeIgniter\View\View->render()
#4 /var/www/html/invoice-generation/app/Controllers/Invoices.php(273): view()
#5 /var/www/html/invoice-generation/system/CodeIgniter.php(928): App\Controllers\Invoices->fShareInvoice()
#6 /var/www/html/invoice-generation/system/CodeIgniter.php(436): CodeIgniter\CodeIgniter->runController()
#7 /var/www/html/invoice-generation/system/CodeIgniter.php(336): CodeIgniter\CodeIgniter->handleRequest()
#8 /var/www/html/invoice-generation/index.php(37): CodeIgniter\CodeIgniter->run()
#9 {main}
ERROR - 2024-11-27 16:14:29 --> Column 'receiver_comp_name' cannot be null
CRITICAL - 2024-11-27 16:30:43 --> Undefined variable $invoice_sender_id
#0 /var/www/html/invoice-generation/app/Controllers/Invoices.php(326): CodeIgniter\Debug\Exceptions->errorHandler()
#1 /var/www/html/invoice-generation/system/CodeIgniter.php(928): App\Controllers\Invoices->fGenearteInvoicePdf()
#2 /var/www/html/invoice-generation/system/CodeIgniter.php(436): CodeIgniter\CodeIgniter->runController()
#3 /var/www/html/invoice-generation/system/CodeIgniter.php(336): CodeIgniter\CodeIgniter->handleRequest()
#4 /var/www/html/invoice-generation/index.php(37): CodeIgniter\CodeIgniter->run()
#5 {main}
CRITICAL - 2024-11-27 16:36:55 --> syntax error, unexpected token ")"
#0 /var/www/html/invoice-generation/system/Autoloader/Autoloader.php(273): CodeIgniter\Autoloader\Autoloader->includeFile()
#1 /var/www/html/invoice-generation/system/Autoloader/Autoloader.php(247): CodeIgniter\Autoloader\Autoloader->loadInNamespace()
#2 [internal function]: CodeIgniter\Autoloader\Autoloader->loadClass()
#3 /var/www/html/invoice-generation/system/CodeIgniter.php(885): class_exists()
#4 /var/www/html/invoice-generation/system/CodeIgniter.php(421): CodeIgniter\CodeIgniter->startController()
#5 /var/www/html/invoice-generation/system/CodeIgniter.php(336): CodeIgniter\CodeIgniter->handleRequest()
#6 /var/www/html/invoice-generation/index.php(37): CodeIgniter\CodeIgniter->run()
#7 {main}
CRITICAL - 2024-11-27 16:37:23 --> Undefined variable $invoice_sender_id
#0 /var/www/html/invoice-generation/app/Controllers/Invoices.php(334): CodeIgniter\Debug\Exceptions->errorHandler()
#1 /var/www/html/invoice-generation/system/CodeIgniter.php(928): App\Controllers\Invoices->fGenearteInvoicePdf()
#2 /var/www/html/invoice-generation/system/CodeIgniter.php(436): CodeIgniter\CodeIgniter->runController()
#3 /var/www/html/invoice-generation/system/CodeIgniter.php(336): CodeIgniter\CodeIgniter->handleRequest()
#4 /var/www/html/invoice-generation/index.php(37): CodeIgniter\CodeIgniter->run()
#5 {main}
ERROR - 2024-11-27 16:42:58 --> Unknown column 'invoice_id' in 'field list'
ERROR - 2024-11-27 16:42:58 --> Unknown column 'invoice_id' in 'field list'
ERROR - 2024-11-27 16:43:32 --> Unknown column 'invoice_id' in 'field list'
CRITICAL - 2024-11-27 16:55:13 --> Undefined variable $GstData
#0 /var/www/html/invoice-generation/app/Views/invoice/invoice_pdf.php(97): CodeIgniter\Debug\Exceptions->errorHandler()
#1 /var/www/html/invoice-generation/system/View/View.php(230): include('...')
#2 /var/www/html/invoice-generation/system/View/View.php(232): CodeIgniter\View\View->CodeIgniter\View\{closure}()
#3 /var/www/html/invoice-generation/system/Common.php(1271): CodeIgniter\View\View->render()
#4 /var/www/html/invoice-generation/app/Controllers/Invoices.php(338): view()
#5 /var/www/html/invoice-generation/system/CodeIgniter.php(928): App\Controllers\Invoices->fGenearteInvoicePdf()
#6 /var/www/html/invoice-generation/system/CodeIgniter.php(436): CodeIgniter\CodeIgniter->runController()
#7 /var/www/html/invoice-generation/system/CodeIgniter.php(336): CodeIgniter\CodeIgniter->handleRequest()
#8 /var/www/html/invoice-generation/index.php(37): CodeIgniter\CodeIgniter->run()
#9 {main}
CRITICAL - 2024-11-27 16:56:17 --> Undefined variable $invoice_id
#0 /var/www/html/invoice-generation/app/Controllers/Invoices.php(341): CodeIgniter\Debug\Exceptions->errorHandler()
#1 /var/www/html/invoice-generation/system/CodeIgniter.php(928): App\Controllers\Invoices->fGenearteInvoicePdf()
#2 /var/www/html/invoice-generation/system/CodeIgniter.php(436): CodeIgniter\CodeIgniter->runController()
#3 /var/www/html/invoice-generation/system/CodeIgniter.php(336): CodeIgniter\CodeIgniter->handleRequest()
#4 /var/www/html/invoice-generation/index.php(37): CodeIgniter\CodeIgniter->run()
#5 {main}
CRITICAL - 2024-11-27 16:56:27 --> PhpOffice\PhpSpreadsheet\Writer\Pdf::__construct(): Argument #1 ($spreadsheet) must be of type PhpOffice\PhpSpreadsheet\Spreadsheet, array given, called in /var/www/html/invoice-generation/app/Controllers/Invoices.php on line 345
#0 /var/www/html/invoice-generation/app/Controllers/Invoices.php(345): PhpOffice\PhpSpreadsheet\Writer\Pdf->__construct()
#1 /var/www/html/invoice-generation/system/CodeIgniter.php(928): App\Controllers\Invoices->fGenearteInvoicePdf()
#2 /var/www/html/invoice-generation/system/CodeIgniter.php(436): CodeIgniter\CodeIgniter->runController()
#3 /var/www/html/invoice-generation/system/CodeIgniter.php(336): CodeIgniter\CodeIgniter->handleRequest()
#4 /var/www/html/invoice-generation/index.php(37): CodeIgniter\CodeIgniter->run()
#5 {main}
CRITICAL - 2024-11-27 16:57:16 --> Temporary files directory "/var/www/html/invoice-generation/vendor/mpdf/mpdf/src/Config/../../tmp/mpdf" is not writable
#0 /var/www/html/invoice-generation/vendor/mpdf/mpdf/src/ServiceFactory.php(67): Mpdf\Cache->__construct()
#1 /var/www/html/invoice-generation/vendor/mpdf/mpdf/src/Mpdf.php(1084): Mpdf\ServiceFactory->getServices()
#2 /var/www/html/invoice-generation/app/Controllers/Invoices.php(345): Mpdf\Mpdf->__construct()
#3 /var/www/html/invoice-generation/system/CodeIgniter.php(928): App\Controllers\Invoices->fGenearteInvoicePdf()
#4 /var/www/html/invoice-generation/system/CodeIgniter.php(436): CodeIgniter\CodeIgniter->runController()
#5 /var/www/html/invoice-generation/system/CodeIgniter.php(336): CodeIgniter\CodeIgniter->handleRequest()
#6 /var/www/html/invoice-generation/index.php(37): CodeIgniter\CodeIgniter->run()
#7 {main}
CRITICAL - 2024-11-27 16:57:32 --> Temporary files directory "/var/www/html/invoice-generation/vendor/mpdf/mpdf/src/Config/../../tmp/mpdf" is not writable
#0 /var/www/html/invoice-generation/vendor/mpdf/mpdf/src/ServiceFactory.php(67): Mpdf\Cache->__construct()
#1 /var/www/html/invoice-generation/vendor/mpdf/mpdf/src/Mpdf.php(1084): Mpdf\ServiceFactory->getServices()
#2 /var/www/html/invoice-generation/app/Controllers/Invoices.php(345): Mpdf\Mpdf->__construct()
#3 /var/www/html/invoice-generation/system/CodeIgniter.php(928): App\Controllers\Invoices->fGenearteInvoicePdf()
#4 /var/www/html/invoice-generation/system/CodeIgniter.php(436): CodeIgniter\CodeIgniter->runController()
#5 /var/www/html/invoice-generation/system/CodeIgniter.php(336): CodeIgniter\CodeIgniter->handleRequest()
#6 /var/www/html/invoice-generation/index.php(37): CodeIgniter\CodeIgniter->run()
#7 {main}
CRITICAL - 2024-11-27 16:57:34 --> Temporary files directory "/var/www/html/invoice-generation/vendor/mpdf/mpdf/src/Config/../../tmp/mpdf" is not writable
#0 /var/www/html/invoice-generation/vendor/mpdf/mpdf/src/ServiceFactory.php(67): Mpdf\Cache->__construct()
#1 /var/www/html/invoice-generation/vendor/mpdf/mpdf/src/Mpdf.php(1084): Mpdf\ServiceFactory->getServices()
#2 /var/www/html/invoice-generation/app/Controllers/Invoices.php(345): Mpdf\Mpdf->__construct()
#3 /var/www/html/invoice-generation/system/CodeIgniter.php(928): App\Controllers\Invoices->fGenearteInvoicePdf()
#4 /var/www/html/invoice-generation/system/CodeIgniter.php(436): CodeIgniter\CodeIgniter->runController()
#5 /var/www/html/invoice-generation/system/CodeIgniter.php(336): CodeIgniter\CodeIgniter->handleRequest()
#6 /var/www/html/invoice-generation/index.php(37): CodeIgniter\CodeIgniter->run()
#7 {main}
CRITICAL - 2024-11-27 16:57:34 --> Temporary files directory "/var/www/html/invoice-generation/vendor/mpdf/mpdf/src/Config/../../tmp/mpdf" is not writable
#0 /var/www/html/invoice-generation/vendor/mpdf/mpdf/src/ServiceFactory.php(67): Mpdf\Cache->__construct()
#1 /var/www/html/invoice-generation/vendor/mpdf/mpdf/src/Mpdf.php(1084): Mpdf\ServiceFactory->getServices()
#2 /var/www/html/invoice-generation/app/Controllers/Invoices.php(345): Mpdf\Mpdf->__construct()
#3 /var/www/html/invoice-generation/system/CodeIgniter.php(928): App\Controllers\Invoices->fGenearteInvoicePdf()
#4 /var/www/html/invoice-generation/system/CodeIgniter.php(436): CodeIgniter\CodeIgniter->runController()
#5 /var/www/html/invoice-generation/system/CodeIgniter.php(336): CodeIgniter\CodeIgniter->handleRequest()
#6 /var/www/html/invoice-generation/index.php(37): CodeIgniter\CodeIgniter->run()
#7 {main}
CRITICAL - 2024-11-27 16:57:34 --> Temporary files directory "/var/www/html/invoice-generation/vendor/mpdf/mpdf/src/Config/../../tmp/mpdf" is not writable
#0 /var/www/html/invoice-generation/vendor/mpdf/mpdf/src/ServiceFactory.php(67): Mpdf\Cache->__construct()
#1 /var/www/html/invoice-generation/vendor/mpdf/mpdf/src/Mpdf.php(1084): Mpdf\ServiceFactory->getServices()
#2 /var/www/html/invoice-generation/app/Controllers/Invoices.php(345): Mpdf\Mpdf->__construct()
#3 /var/www/html/invoice-generation/system/CodeIgniter.php(928): App\Controllers\Invoices->fGenearteInvoicePdf()
#4 /var/www/html/invoice-generation/system/CodeIgniter.php(436): CodeIgniter\CodeIgniter->runController()
#5 /var/www/html/invoice-generation/system/CodeIgniter.php(336): CodeIgniter\CodeIgniter->handleRequest()
#6 /var/www/html/invoice-generation/index.php(37): CodeIgniter\CodeIgniter->run()
#7 {main}
CRITICAL - 2024-11-27 16:57:34 --> Temporary files directory "/var/www/html/invoice-generation/vendor/mpdf/mpdf/src/Config/../../tmp/mpdf" is not writable
#0 /var/www/html/invoice-generation/vendor/mpdf/mpdf/src/ServiceFactory.php(67): Mpdf\Cache->__construct()
#1 /var/www/html/invoice-generation/vendor/mpdf/mpdf/src/Mpdf.php(1084): Mpdf\ServiceFactory->getServices()
#2 /var/www/html/invoice-generation/app/Controllers/Invoices.php(345): Mpdf\Mpdf->__construct()
#3 /var/www/html/invoice-generation/system/CodeIgniter.php(928): App\Controllers\Invoices->fGenearteInvoicePdf()
#4 /var/www/html/invoice-generation/system/CodeIgniter.php(436): CodeIgniter\CodeIgniter->runController()
#5 /var/www/html/invoice-generation/system/CodeIgniter.php(336): CodeIgniter\CodeIgniter->handleRequest()
#6 /var/www/html/invoice-generation/index.php(37): CodeIgniter\CodeIgniter->run()
#7 {main}
CRITICAL - 2024-11-27 17:00:20 --> Temporary files directory "/var/www/html/invoice-generation/vendor/mpdf/mpdf/src/Config/../../tmp/mpdf" is not writable
#0 /var/www/html/invoice-generation/vendor/mpdf/mpdf/src/ServiceFactory.php(67): Mpdf\Cache->__construct()
#1 /var/www/html/invoice-generation/vendor/mpdf/mpdf/src/Mpdf.php(1084): Mpdf\ServiceFactory->getServices()
#2 /var/www/html/invoice-generation/app/Controllers/Invoices.php(351): Mpdf\Mpdf->__construct()
#3 /var/www/html/invoice-generation/system/CodeIgniter.php(928): App\Controllers\Invoices->fGenearteInvoicePdf()
#4 /var/www/html/invoice-generation/system/CodeIgniter.php(436): CodeIgniter\CodeIgniter->runController()
#5 /var/www/html/invoice-generation/system/CodeIgniter.php(336): CodeIgniter\CodeIgniter->handleRequest()
#6 /var/www/html/invoice-generation/index.php(37): CodeIgniter\CodeIgniter->run()
#7 {main}
CRITICAL - 2024-11-27 17:04:53 --> fopen(/var/www/html/invoice-generation/writable/pdf/invoice-18.pdf): Failed to open stream: No such file or directory
#0 [internal function]: CodeIgniter\Debug\Exceptions->errorHandler()
#1 /var/www/html/invoice-generation/vendor/mpdf/mpdf/src/Mpdf.php(9629): fopen()
#2 /var/www/html/invoice-generation/app/Controllers/Invoices.php(369): Mpdf\Mpdf->Output()
#3 /var/www/html/invoice-generation/system/CodeIgniter.php(928): App\Controllers\Invoices->fGenearteInvoicePdf()
#4 /var/www/html/invoice-generation/system/CodeIgniter.php(436): CodeIgniter\CodeIgniter->runController()
#5 /var/www/html/invoice-generation/system/CodeIgniter.php(336): CodeIgniter\CodeIgniter->handleRequest()
#6 /var/www/html/invoice-generation/index.php(37): CodeIgniter\CodeIgniter->run()
#7 {main}
ERROR - 2024-11-27 18:47:50 --> Column 'receiver_comp_name' cannot be null
CRITICAL - 2024-11-27 23:02:08 --> Undefined variable $InvoiceMasterData
#0 /var/www/html/invoice-generation/app/Controllers/Invoices.php(165): CodeIgniter\Debug\Exceptions->errorHandler()
#1 /var/www/html/invoice-generation/system/CodeIgniter.php(928): App\Controllers\Invoices->fSaveInvoice()
#2 /var/www/html/invoice-generation/system/CodeIgniter.php(436): CodeIgniter\CodeIgniter->runController()
#3 /var/www/html/invoice-generation/system/CodeIgniter.php(336): CodeIgniter\CodeIgniter->handleRequest()
#4 /var/www/html/invoice-generation/index.php(37): CodeIgniter\CodeIgniter->run()
#5 {main}
CRITICAL - 2024-11-27 23:02:24 --> Undefined variable $company_name
#0 /var/www/html/invoice-generation/app/Controllers/Invoices.php(184): CodeIgniter\Debug\Exceptions->errorHandler()
#1 /var/www/html/invoice-generation/system/CodeIgniter.php(928): App\Controllers\Invoices->fSaveInvoice()
#2 /var/www/html/invoice-generation/system/CodeIgniter.php(436): CodeIgniter\CodeIgniter->runController()
#3 /var/www/html/invoice-generation/system/CodeIgniter.php(336): CodeIgniter\CodeIgniter->handleRequest()
#4 /var/www/html/invoice-generation/index.php(37): CodeIgniter\CodeIgniter->run()
#5 {main}
ERROR - 2024-11-27 23:11:43 --> Duplicate entry 'ECO/20241127' for key 'inv_invoice_master.invoice_no_3'
CRITICAL - 2024-11-27 23:11:43 --> Undefined variable $MasterId
#0 /var/www/html/invoice-generation/app/Controllers/Invoices.php(187): CodeIgniter\Debug\Exceptions->errorHandler()
#1 /var/www/html/invoice-generation/system/CodeIgniter.php(928): App\Controllers\Invoices->fSaveInvoice()
#2 /var/www/html/invoice-generation/system/CodeIgniter.php(436): CodeIgniter\CodeIgniter->runController()
#3 /var/www/html/invoice-generation/system/CodeIgniter.php(336): CodeIgniter\CodeIgniter->handleRequest()
#4 /var/www/html/invoice-generation/index.php(37): CodeIgniter\CodeIgniter->run()
#5 {main}
ERROR - 2024-11-27 23:12:05 --> Duplicate entry 'ECO/20241127' for key 'inv_invoice_master.invoice_no_3'
ERROR - 2024-11-27 23:12:53 --> Unknown column 'invoice_no' in 'where clause'
CRITICAL - 2024-11-27 23:12:53 --> Call to a member function getResultArray() on bool
#0 /var/www/html/invoice-generation/app/Controllers/Invoices.php(240): App\Models\Master_model->getRecords()
#1 /var/www/html/invoice-generation/system/CodeIgniter.php(928): App\Controllers\Invoices->fShareInvoice()
#2 /var/www/html/invoice-generation/system/CodeIgniter.php(436): CodeIgniter\CodeIgniter->runController()
#3 /var/www/html/invoice-generation/system/CodeIgniter.php(336): CodeIgniter\CodeIgniter->handleRequest()
#4 /var/www/html/invoice-generation/index.php(37): CodeIgniter\CodeIgniter->run()
#5 {main}
ERROR - 2024-11-27 23:15:37 --> Unknown column 'invoice_no' in 'where clause'
CRITICAL - 2024-11-27 23:15:37 --> Call to a member function getResultArray() on bool
#0 /var/www/html/invoice-generation/app/Controllers/Invoices.php(241): App\Models\Master_model->getRecords()
#1 /var/www/html/invoice-generation/system/CodeIgniter.php(928): App\Controllers\Invoices->fShareInvoice()
#2 /var/www/html/invoice-generation/system/CodeIgniter.php(436): CodeIgniter\CodeIgniter->runController()
#3 /var/www/html/invoice-generation/system/CodeIgniter.php(336): CodeIgniter\CodeIgniter->handleRequest()
#4 /var/www/html/invoice-generation/index.php(37): CodeIgniter\CodeIgniter->run()
#5 {main}
ERROR - 2024-11-27 23:15:41 --> Unknown column 'invoice_no' in 'where clause'
CRITICAL - 2024-11-27 23:15:41 --> Call to a member function getResultArray() on bool
#0 /var/www/html/invoice-generation/app/Controllers/Invoices.php(52): App\Models\Master_model->getRecords()
#1 /var/www/html/invoice-generation/system/CodeIgniter.php(928): App\Controllers\Invoices->fCreateNewInvoice()
#2 /var/www/html/invoice-generation/system/CodeIgniter.php(436): CodeIgniter\CodeIgniter->runController()
#3 /var/www/html/invoice-generation/system/CodeIgniter.php(336): CodeIgniter\CodeIgniter->handleRequest()
#4 /var/www/html/invoice-generation/index.php(37): CodeIgniter\CodeIgniter->run()
#5 {main}
ERROR - 2024-11-27 23:16:24 --> Unknown column 'invoice_no' in 'where clause'
CRITICAL - 2024-11-27 23:16:24 --> Call to a member function getResultArray() on bool
#0 /var/www/html/invoice-generation/app/Controllers/Invoices.php(86): App\Models\Master_model->getRecords()
#1 /var/www/html/invoice-generation/system/CodeIgniter.php(928): App\Controllers\Invoices->FupdateInvoice()
#2 /var/www/html/invoice-generation/system/CodeIgniter.php(436): CodeIgniter\CodeIgniter->runController()
#3 /var/www/html/invoice-generation/system/CodeIgniter.php(336): CodeIgniter\CodeIgniter->handleRequest()
#4 /var/www/html/invoice-generation/index.php(37): CodeIgniter\CodeIgniter->run()
#5 {main}
ERROR - 2024-11-27 23:16:28 --> Unknown column 'invoice_no' in 'where clause'
CRITICAL - 2024-11-27 23:16:28 --> Call to a member function getResultArray() on bool
#0 /var/www/html/invoice-generation/app/Controllers/Invoices.php(52): App\Models\Master_model->getRecords()
#1 /var/www/html/invoice-generation/system/CodeIgniter.php(928): App\Controllers\Invoices->fCreateNewInvoice()
#2 /var/www/html/invoice-generation/system/CodeIgniter.php(436): CodeIgniter\CodeIgniter->runController()
#3 /var/www/html/invoice-generation/system/CodeIgniter.php(336): CodeIgniter\CodeIgniter->handleRequest()
#4 /var/www/html/invoice-generation/index.php(37): CodeIgniter\CodeIgniter->run()
#5 {main}
ERROR - 2024-11-27 23:17:08 --> Unknown column 'invoice_id' in 'where clause'
CRITICAL - 2024-11-27 23:17:08 --> Call to a member function getResultArray() on bool
#0 /var/www/html/invoice-generation/app/Controllers/Invoices.php(51): App\Models\Master_model->getRecords()
#1 /var/www/html/invoice-generation/system/CodeIgniter.php(928): App\Controllers\Invoices->fCreateNewInvoice()
#2 /var/www/html/invoice-generation/system/CodeIgniter.php(436): CodeIgniter\CodeIgniter->runController()
#3 /var/www/html/invoice-generation/system/CodeIgniter.php(336): CodeIgniter\CodeIgniter->handleRequest()
#4 /var/www/html/invoice-generation/index.php(37): CodeIgniter\CodeIgniter->run()
#5 {main}
ERROR - 2024-11-27 23:18:40 --> Duplicate entry 'ECO/20241127' for key 'inv_invoice_master.invoice_no_3'
CRITICAL - 2024-11-27 23:21:48 --> syntax error, unexpected identifier "Master_model", expecting ")"
#0 /var/www/html/invoice-generation/system/Autoloader/Autoloader.php(273): CodeIgniter\Autoloader\Autoloader->includeFile()
#1 /var/www/html/invoice-generation/system/Autoloader/Autoloader.php(247): CodeIgniter\Autoloader\Autoloader->loadInNamespace()
#2 [internal function]: CodeIgniter\Autoloader\Autoloader->loadClass()
#3 /var/www/html/invoice-generation/system/CodeIgniter.php(885): class_exists()
#4 /var/www/html/invoice-generation/system/CodeIgniter.php(421): CodeIgniter\CodeIgniter->startController()
#5 /var/www/html/invoice-generation/system/CodeIgniter.php(336): CodeIgniter\CodeIgniter->handleRequest()
#6 /var/www/html/invoice-generation/index.php(37): CodeIgniter\CodeIgniter->run()
#7 {main}
ERROR - 2024-11-27 23:22:05 --> Duplicate entry 'ECO/20241127' for key 'inv_invoice_master.invoice_no_3'
ERROR - 2024-11-27 23:33:00 --> Unknown column 'invoice_no' in 'where clause'
CRITICAL - 2024-11-27 23:33:00 --> Call to a member function getResultArray() on bool
#0 /var/www/html/invoice-generation/app/Controllers/Invoices.php(240): App\Models\Master_model->getRecords()
#1 /var/www/html/invoice-generation/system/CodeIgniter.php(928): App\Controllers\Invoices->fShareInvoice()
#2 /var/www/html/invoice-generation/system/CodeIgniter.php(436): CodeIgniter\CodeIgniter->runController()
#3 /var/www/html/invoice-generation/system/CodeIgniter.php(336): CodeIgniter\CodeIgniter->handleRequest()
#4 /var/www/html/invoice-generation/index.php(37): CodeIgniter\CodeIgniter->run()
#5 {main}
